nohup: ignoring input
#0 building with "default" instance using docker driver

#1 [internal] load build definition from Dockerfile.libs
#1 transferring dockerfile: 1.94kB done
#1 DONE 0.0s

#2 [internal] load metadata for docker.io/library/ubuntu:22.04
#2 DONE 0.3s

#3 [internal] load .dockerignore
#3 transferring context: 2B done
#3 DONE 0.0s

#4 [1/7] FROM docker.io/library/ubuntu:22.04@sha256:3ba65aa20f86a0fad9df2b2c259c613df006b2e6d0bfcc8a146afb8c525a9751
#4 resolve docker.io/library/ubuntu:22.04@sha256:3ba65aa20f86a0fad9df2b2c259c613df006b2e6d0bfcc8a146afb8c525a9751 0.0s done
#4 DONE 0.0s

#5 [3/7] RUN mkdir -p /wrf/downloads /wrf/libs/jasper
#5 CACHED

#6 [4/7] WORKDIR /wrf/downloads
#6 CACHED

#7 [6/7] RUN wget https://parallel-netcdf.github.io/Release/pnetcdf-1.12.3.tar.gz &&     tar -xf pnetcdf-1.12.3.tar.gz &&     cd pnetcdf-1.12.3 &&     ./configure         --prefix=/wrf/libs/pnetcdf         --with-mpi=/usr         CC=mpicc FC=mpif90 CXX=mpicxx         CFLAGS="-fPIC" FFLAGS="-fPIC" &&     make -j 2 &&     make install
#7 CACHED

#8 [2/7] RUN apt-get update && apt-get install -y     build-essential gfortran gcc g++ m4 make perl tar wget csh bash git     zlib1g-dev libpng-dev libnetcdf-dev libnetcdff-dev     mpich libmpich-dev     && apt-get clean
#8 CACHED

#9 [5/7] RUN wget https://www2.mmm.ucar.edu/wrf/OnLineTutorial/compile_tutorial/tar_files/jasper-1.900.1.tar.gz &&     tar -xf jasper-1.900.1.tar.gz &&     cd jasper-1.900.1 &&     sed -i 's/char \*optstr/const char \*optstr/g' src/libjasper/jpg/jpg_dummy.c &&     ./configure --prefix=/wrf/libs/jasper &&     make &&     make install
#9 CACHED

#10 [7/7] WORKDIR /wrf
#10 CACHED

#11 exporting to image
#11 exporting layers done
#11 exporting manifest sha256:2ab4c3ba0493c6b21c3eb811bd8875b92c2c4a4aca526c9a9f4145653cb22944 done
#11 exporting config sha256:8eae89e6771ee4cd0302cb4862cdc9b03f681976dc8a4350f8e54734a9aa7859 done
#11 exporting attestation manifest sha256:ae14d5dc408c530dfffad083ad22c42e3d9d0127bffbff40b813c7fcc9a92a74 0.0s done
#11 exporting manifest list sha256:73ff1a889926a0df09855b3d7ec15c76036a3a73a7b9109b88880dfa9dd33264 done
#11 naming to docker.io/library/wrf-libs-base:latest done
#11 unpacking to docker.io/library/wrf-libs-base:latest done
#11 DONE 0.1s

 [33m1 warning found (use docker --debug to expand):
[0m - UndefinedVar: Usage of undefined variable '$LD_LIBRARY_PATH' (line 46)
