nohup: ignoring input
#0 building with "default" instance using docker driver

#1 [internal] load build definition from Dockerfile.wrf
#1 transferring dockerfile: 2.25kB done
#1 DONE 0.0s

#2 [internal] load metadata for docker.io/library/wrf-libs-base:latest
#2 DONE 0.0s

#3 [internal] load .dockerignore
#3 transferring context: 2B done
#3 DONE 0.0s

#4 [1/7] FROM docker.io/library/wrf-libs-base:latest@sha256:73ff1a889926a0df09855b3d7ec15c76036a3a73a7b9109b88880dfa9dd33264
#4 resolve docker.io/library/wrf-libs-base:latest@sha256:73ff1a889926a0df09855b3d7ec15c76036a3a73a7b9109b88880dfa9dd33264 0.0s done
#4 DONE 0.0s

#5 [3/7] RUN git clone --depth 1 --branch v4.5.2 --recursive https://github.com/wrf-model/WRF.git WRF
#5 CACHED

#6 [4/7] WORKDIR /wrf/WRF
#6 CACHED

#7 [2/7] WORKDIR /wrf
#7 CACHED

#8 [5/7] RUN if [ "dmpar" = "dmpar" ]; then         echo "Configuring WRF in DMPAR (MPI parallel) mode..." &&         printf "33\n1\n" | ./configure;     else         echo "Configuring WRF in SERIAL mode..." &&         printf "34\n1\n" | ./configure;     fi &&     sed -i 's/^FCOPTIM[ \t]*=.*/& -fno-lto/g' configure.wrf &&     sed -i 's/^CFLAGS_LOCAL[ \t]*=.*/& -fno-lto/g' configure.wrf &&     sed -i 's/^LDFLAGS_LOCAL[ \t]*=.*/& -fno-lto/g' configure.wrf &&     if [ "dmpar" = "dmpar" ]; then         echo "Enabling PnetCDF parallel I/O..." &&         sed -i 's|^PNETCDFPATH\s*=.*|PNETCDFPATH = /wrf/libs/pnetcdf|' configure.wrf;     fi
#8 CACHED

#9 [6/7] RUN echo "dmpar" > /wrf/WRF/.wrf_mode
#9 CACHED

#10 [7/7] RUN echo "Starting WRF em_real compilation (mode: dmpar)..." &&     ./compile em_real &&     echo "--- Validating WRF executables ---" &&     ls -l main/wrf.exe &&     ls -l main/real.exe &&     ls -l main/ndown.exe &&     ls -l main/tc.exe ||     (echo "=== FATAL ERROR: WRF compilation failed ===" &&      echo "Check build output above for 'ld:' linker errors." &&      exit 1)
#10 CACHED

#11 exporting to image
#11 exporting layers done
#11 exporting manifest sha256:fc85a6cc578e6115f71b9d372e7171441cb1cd05f5e46edef017447d8cbfa8b9 done
#11 exporting config sha256:a3abb2255e71e1a97e27807ccc89c36cdebc573e84cb0470c31219d6ab1aaa9e done
#11 exporting attestation manifest sha256:0ec810817d4e2f81561e279288ea3d6131d13281da3df0a464dc913e7aec1f14 0.0s done
#11 exporting manifest list sha256:37c80f909d5ad340853fe8496b6b1c935669c480c0c0620d0655e8019b60c9f2 done
#11 naming to docker.io/library/wrf-compiled:latest done
#11 unpacking to docker.io/library/wrf-compiled:latest done
#11 DONE 0.1s
