nohup: ignoring input
#0 building with "default" instance using docker driver

#1 [internal] load build definition from Dockerfile.wps
#1 transferring dockerfile: 2.76kB done
#1 DONE 0.0s

#2 [1/7] FROM docker.io/library/wrf-compiled:latest@sha256:37c80f909d5ad340853fe8496b6b1c935669c480c0c0620d0655e8019b60c9f2
#2 resolve docker.io/library/wrf-compiled:latest@sha256:37c80f909d5ad340853fe8496b6b1c935669c480c0c0620d0655e8019b60c9f2 0.0s done
#2 DONE 0.0s

#3 [2/7] WORKDIR /wrf
#3 DONE 0.0s

#4 [3/7] RUN apt-get update && apt-get install -y wget build-essential libpng-dev zlib1g-dev &&     mkdir -p /wrf/grib2 &&     wget -q https://www2.mmm.ucar.edu/wrf/OnLineTutorial/compile_tutorial/tar_files/jasper-1.900.1.tar.gz &&     tar -xf jasper-1.900.1.tar.gz &&     cd jasper-1.900.1 &&     ./configure --prefix=/wrf/grib2 &&     make -j 2 && make install &&     cd .. && rm -rf jasper-1.900.1*
#4 21.51  /usr/bin/install -c -m 644 'jas_stream.h' '/wrf/grib2/include/jasper/jas_stream.h'
#4 21.52  /usr/bin/install -c -m 644 'jas_string.h' '/wrf/grib2/include/jasper/jas_string.h'
#4 21.52  /usr/bin/install -c -m 644 'jas_tmr.h' '/wrf/grib2/include/jasper/jas_tmr.h'
#4 21.52  /usr/bin/install -c -m 644 'jas_tvp.h' '/wrf/grib2/include/jasper/jas_tvp.h'
#4 21.52  /usr/bin/install -c -m 644 'jas_types.h' '/wrf/grib2/include/jasper/jas_types.h'
#4 21.53  /usr/bin/install -c -m 644 'jas_version.h' '/wrf/grib2/include/jasper/jas_version.h'
#4 21.53 make[5]: Leaving directory '/wrf/jasper-1.900.1/src/libjasper/include/jasper'
#4 21.53 make[4]: Leaving directory '/wrf/jasper-1.900.1/src/libjasper/include/jasper'
#4 21.53 make[4]: Entering directory '/wrf/jasper-1.900.1/src/libjasper/include'
#4 21.53 make[5]: Entering directory '/wrf/jasper-1.900.1/src/libjasper/include'
#4 21.53 make[5]: Nothing to be done for 'install-exec-am'.
#4 21.53 make[5]: Nothing to be done for 'install-data-am'.
#4 21.53 make[5]: Leaving directory '/wrf/jasper-1.900.1/src/libjasper/include'
#4 21.53 make[4]: Leaving directory '/wrf/jasper-1.900.1/src/libjasper/include'
#4 21.53 make[3]: Leaving directory '/wrf/jasper-1.900.1/src/libjasper/include'
#4 21.53 Making install in base
#4 21.54 make[3]: Entering directory '/wrf/jasper-1.900.1/src/libjasper/base'
#4 21.54 make[4]: Entering directory '/wrf/jasper-1.900.1/src/libjasper/base'
#4 21.54 make[4]: Nothing to be done for 'install-exec-am'.
#4 21.54 make[4]: Nothing to be done for 'install-data-am'.
#4 21.54 make[4]: Leaving directory '/wrf/jasper-1.900.1/src/libjasper/base'
#4 21.54 make[3]: Leaving directory '/wrf/jasper-1.900.1/src/libjasper/base'
#4 21.54 Making install in bmp
#4 21.55 make[3]: Entering directory '/wrf/jasper-1.900.1/src/libjasper/bmp'
#4 21.55 make[4]: Entering directory '/wrf/jasper-1.900.1/src/libjasper/bmp'
#4 21.55 make[4]: Nothing to be done for 'install-exec-am'.
#4 21.55 make[4]: Nothing to be done for 'install-data-am'.
#4 21.55 make[4]: Leaving directory '/wrf/jasper-1.900.1/src/libjasper/bmp'
#4 21.55 make[3]: Leaving directory '/wrf/jasper-1.900.1/src/libjasper/bmp'
#4 21.55 Making install in jp2
#4 21.56 make[3]: Entering directory '/wrf/jasper-1.900.1/src/libjasper/jp2'
#4 21.56 make[4]: Entering directory '/wrf/jasper-1.900.1/src/libjasper/jp2'
#4 21.56 make[4]: Nothing to be done for 'install-exec-am'.
#4 21.56 make[4]: Nothing to be done for 'install-data-am'.
#4 21.56 make[4]: Leaving directory '/wrf/jasper-1.900.1/src/libjasper/jp2'
#4 21.56 make[3]: Leaving directory '/wrf/jasper-1.900.1/src/libjasper/jp2'
#4 21.56 Making install in jpc
#4 21.57 make[3]: Entering directory '/wrf/jasper-1.900.1/src/libjasper/jpc'
#4 21.58 make[4]: Entering directory '/wrf/jasper-1.900.1/src/libjasper/jpc'
#4 21.58 make[4]: Nothing to be done for 'install-exec-am'.
#4 21.58 make[4]: Nothing to be done for 'install-data-am'.
#4 21.58 make[4]: Leaving directory '/wrf/jasper-1.900.1/src/libjasper/jpc'
#4 21.58 make[3]: Leaving directory '/wrf/jasper-1.900.1/src/libjasper/jpc'
#4 21.58 Making install in jpg
#4 21.58 make[3]: Entering directory '/wrf/jasper-1.900.1/src/libjasper/jpg'
#4 21.58 make[4]: Entering directory '/wrf/jasper-1.900.1/src/libjasper/jpg'
#4 21.58 make[4]: Nothing to be done for 'install-exec-am'.
#4 21.58 make[4]: Nothing to be done for 'install-data-am'.
#4 21.58 make[4]: Leaving directory '/wrf/jasper-1.900.1/src/libjasper/jpg'
#4 21.58 make[3]: Leaving directory '/wrf/jasper-1.900.1/src/libjasper/jpg'
#4 21.58 Making install in mif
#4 21.59 make[3]: Entering directory '/wrf/jasper-1.900.1/src/libjasper/mif'
#4 21.59 make[4]: Entering directory '/wrf/jasper-1.900.1/src/libjasper/mif'
#4 21.59 make[4]: Nothing to be done for 'install-exec-am'.
#4 21.59 make[4]: Nothing to be done for 'install-data-am'.
#4 21.59 make[4]: Leaving directory '/wrf/jasper-1.900.1/src/libjasper/mif'
#4 21.59 make[3]: Leaving directory '/wrf/jasper-1.900.1/src/libjasper/mif'
#4 21.59 Making install in pgx
#4 21.60 make[3]: Entering directory '/wrf/jasper-1.900.1/src/libjasper/pgx'
#4 21.60 make[4]: Entering directory '/wrf/jasper-1.900.1/src/libjasper/pgx'
#4 21.60 make[4]: Nothing to be done for 'install-exec-am'.
#4 21.60 make[4]: Nothing to be done for 'install-data-am'.
#4 21.60 make[4]: Leaving directory '/wrf/jasper-1.900.1/src/libjasper/pgx'
#4 21.60 make[3]: Leaving directory '/wrf/jasper-1.900.1/src/libjasper/pgx'
#4 21.60 Making install in pnm
#4 21.60 make[3]: Entering directory '/wrf/jasper-1.900.1/src/libjasper/pnm'
#4 21.61 make[4]: Entering directory '/wrf/jasper-1.900.1/src/libjasper/pnm'
#4 21.61 make[4]: Nothing to be done for 'install-exec-am'.
#4 21.61 make[4]: Nothing to be done for 'install-data-am'.
#4 21.61 make[4]: Leaving directory '/wrf/jasper-1.900.1/src/libjasper/pnm'
#4 21.61 make[3]: Leaving directory '/wrf/jasper-1.900.1/src/libjasper/pnm'
#4 21.61 Making install in ras
#4 21.61 make[3]: Entering directory '/wrf/jasper-1.900.1/src/libjasper/ras'
#4 21.61 make[4]: Entering directory '/wrf/jasper-1.900.1/src/libjasper/ras'
#4 21.61 make[4]: Nothing to be done for 'install-exec-am'.
#4 21.61 make[4]: Nothing to be done for 'install-data-am'.
#4 21.61 make[4]: Leaving directory '/wrf/jasper-1.900.1/src/libjasper/ras'
#4 21.61 make[3]: Leaving directory '/wrf/jasper-1.900.1/src/libjasper/ras'
#4 21.62 make[3]: Entering directory '/wrf/jasper-1.900.1/src/libjasper'
#4 21.62 make[4]: Entering directory '/wrf/jasper-1.900.1/src/libjasper'
#4 21.62 test -z "/wrf/grib2/lib" || mkdir -p -- "/wrf/grib2/lib"
#4 21.62  /bin/bash ../../libtool --mode=install /usr/bin/install -c  'libjasper.la' '/wrf/grib2/lib/libjasper.la'
#4 21.66 /usr/bin/install -c .libs/libjasper.lai /wrf/grib2/lib/libjasper.la
#4 21.67 /usr/bin/install -c .libs/libjasper.a /wrf/grib2/lib/libjasper.a
#4 21.67 chmod 644 /wrf/grib2/lib/libjasper.a
#4 21.67 ranlib /wrf/grib2/lib/libjasper.a
#4 21.71 PATH="$PATH:/sbin" ldconfig -n /wrf/grib2/lib
#4 21.73 ----------------------------------------------------------------------
#4 21.73 Libraries have been installed in:
#4 21.73    /wrf/grib2/lib
#4 21.73 
#4 21.73 If you ever happen to want to link against installed libraries
#4 21.73 in a given directory, LIBDIR, you must either use libtool, and
#4 21.73 specify the full pathname of the library, or use the `-LLIBDIR'
#4 21.73 flag during linking and do at least one of the following:
#4 21.73    - add LIBDIR to the `LD_LIBRARY_PATH' environment variable
#4 21.73      during execution
#4 21.73    - add LIBDIR to the `LD_RUN_PATH' environment variable
#4 21.73      during linking
#4 21.73    - use the `-Wl,--rpath -Wl,LIBDIR' linker flag
#4 21.73    - have your system administrator add LIBDIR to `/etc/ld.so.conf'
#4 21.73 
#4 21.73 See any operating system documentation about shared libraries for
#4 21.73 more information, such as the ld(1) and ld.so(8) manual pages.
#4 21.73 ----------------------------------------------------------------------
#4 21.73 make[4]: Nothing to be done for 'install-data-am'.
#4 21.73 make[4]: Leaving directory '/wrf/jasper-1.900.1/src/libjasper'
#4 21.73 make[3]: Leaving directory '/wrf/jasper-1.900.1/src/libjasper'
#4 21.73 make[2]: Leaving directory '/wrf/jasper-1.900.1/src/libjasper'
#4 21.73 Making install in appl
#4 21.73 make[2]: Entering directory '/wrf/jasper-1.900.1/src/appl'
#4 21.74 make[3]: Entering directory '/wrf/jasper-1.900.1/src/appl'
#4 21.74 test -z "/wrf/grib2/bin" || mkdir -p -- "/wrf/grib2/bin"
#4 21.75   /bin/bash ../../libtool --mode=install /usr/bin/install -c 'jasper' '/wrf/grib2/bin/jasper'
#4 21.78 /usr/bin/install -c jasper /wrf/grib2/bin/jasper
#4 21.79   /bin/bash ../../libtool --mode=install /usr/bin/install -c 'imgcmp' '/wrf/grib2/bin/imgcmp'
#4 21.82 /usr/bin/install -c imgcmp /wrf/grib2/bin/imgcmp
#4 21.83   /bin/bash ../../libtool --mode=install /usr/bin/install -c 'imginfo' '/wrf/grib2/bin/imginfo'
#4 21.87 /usr/bin/install -c imginfo /wrf/grib2/bin/imginfo
#4 21.87   /bin/bash ../../libtool --mode=install /usr/bin/install -c 'tmrdemo' '/wrf/grib2/bin/tmrdemo'
#4 21.91 /usr/bin/install -c tmrdemo /wrf/grib2/bin/tmrdemo
#4 21.91 test -z "/wrf/grib2/man/man1" || mkdir -p -- "/wrf/grib2/man/man1"
#4 21.92  /usr/bin/install -c -m 644 './imgcmp.1' '/wrf/grib2/man/man1/imgcmp.1'
#4 21.93  /usr/bin/install -c -m 644 './imginfo.1' '/wrf/grib2/man/man1/imginfo.1'
#4 21.93  /usr/bin/install -c -m 644 './jasper.1' '/wrf/grib2/man/man1/jasper.1'
#4 21.94  /usr/bin/install -c -m 644 './jiv.1' '/wrf/grib2/man/man1/jiv.1'
#4 21.94 make[3]: Leaving directory '/wrf/jasper-1.900.1/src/appl'
#4 21.94 make[2]: Leaving directory '/wrf/jasper-1.900.1/src/appl'
#4 21.94 Making install in msvc
#4 21.94 make[2]: Entering directory '/wrf/jasper-1.900.1/src/msvc'
#4 21.95 make[3]: Entering directory '/wrf/jasper-1.900.1/src/msvc'
#4 21.95 make[3]: Nothing to be done for 'install-exec-am'.
#4 21.95 make[3]: Nothing to be done for 'install-data-am'.
#4 21.95 make[3]: Leaving directory '/wrf/jasper-1.900.1/src/msvc'
#4 21.95 make[2]: Leaving directory '/wrf/jasper-1.900.1/src/msvc'
#4 21.95 make[2]: Entering directory '/wrf/jasper-1.900.1/src'
#4 21.95 make[3]: Entering directory '/wrf/jasper-1.900.1/src'
#4 21.95 make[3]: Nothing to be done for 'install-exec-am'.
#4 21.95 make[3]: Nothing to be done for 'install-data-am'.
#4 21.95 make[3]: Leaving directory '/wrf/jasper-1.900.1/src'
#4 21.95 make[2]: Leaving directory '/wrf/jasper-1.900.1/src'
#4 21.95 make[1]: Leaving directory '/wrf/jasper-1.900.1/src'
#4 21.95 make[1]: Entering directory '/wrf/jasper-1.900.1'
#4 21.95 make[2]: Entering directory '/wrf/jasper-1.900.1'
#4 21.95 make[2]: Nothing to be done for 'install-exec-am'.
#4 21.95 make[2]: Nothing to be done for 'install-data-am'.
#4 21.95 make[2]: Leaving directory '/wrf/jasper-1.900.1'
#4 21.95 make[1]: Leaving directory '/wrf/jasper-1.900.1'
#4 DONE 22.0s

#5 [4/7] RUN git clone --depth 1 --branch v4.5 --recursive https://github.com/wrf-model/WPS.git WPS
#5 0.443 Cloning into 'WPS'...
#5 1.338 Note: switching to '5a2ae63988e632405a4504cfb143ce7f0230a7a0'.
#5 1.338 
#5 1.338 You are in 'detached HEAD' state. You can look around, make experimental
#5 1.338 changes and commit them, and you can discard any commits you make in this
#5 1.338 state without impacting any branches by switching back to a branch.
#5 1.338 
#5 1.338 If you want to create a new branch to retain commits you create, you may
#5 1.338 do so (now or later) by using -c with the switch command. Example:
#5 1.338 
#5 1.338   git switch -c <new-branch-name>
#5 1.338 
#5 1.338 Or undo this operation with:
#5 1.338 
#5 1.338   git switch -
#5 1.338 
#5 1.338 Turn off this advice by setting config variable advice.detachedHead to false
#5 1.338 
#5 DONE 1.6s

#6 [5/7] WORKDIR /wrf/WPS
#6 DONE 0.0s

#7 [6/7] RUN FC=gfortran CC=gcc printf "1\n" | ./configure &&     sed -i 's/^FC\s*=.*/FC = gfortran/' configure.wps &&     sed -i 's/^CC\s*=.*/CC = gcc/' configure.wps &&     sed -i 's/^FCOPTIM[ \t]*=.*/& -fno-lto/g' configure.wps &&     sed -i 's/^CFLAGS_LOCAL[ \t]*=.*/& -fno-lto/g' configure.wps &&     sed -i 's/^LDFLAGS_LOCAL[ \t]*=.*/& -fno-lto/g' configure.wps &&     sed -i 's/-lnetcdf/-lnetcdff -lnetcdf -lgomp/g' configure.wps
#7 0.329 Will use NETCDF in dir: /usr
#7 0.332 Using WRF I/O library in WRF build identified by $WRF_DIR: /wrf/WRF
#7 0.377 Found Jasper environment variables for GRIB2 support...
#7 0.377   $JASPERLIB = /wrf/grib2/lib
#7 0.377   $JASPERINC = /wrf/grib2/include
#7 0.377 ------------------------------------------------------------------------
#7 0.377 Please select from among the following supported platforms.
#7 0.377 
#7 0.377    1.  Linux x86_64, gfortran    (serial)
#7 0.377    2.  Linux x86_64, gfortran    (serial_NO_GRIB2)
#7 0.377    3.  Linux x86_64, gfortran    (dmpar)
#7 0.377    4.  Linux x86_64, gfortran    (dmpar_NO_GRIB2)
#7 0.377    5.  Linux x86_64, PGI compiler   (serial)
#7 0.377    6.  Linux x86_64, PGI compiler   (serial_NO_GRIB2)
#7 0.377    7.  Linux x86_64, PGI compiler   (dmpar)
#7 0.377    8.  Linux x86_64, PGI compiler   (dmpar_NO_GRIB2)
#7 0.377    9.  Linux x86_64, PGI compiler, SGI MPT   (serial)
#7 0.377   10.  Linux x86_64, PGI compiler, SGI MPT   (serial_NO_GRIB2)
#7 0.377   11.  Linux x86_64, PGI compiler, SGI MPT   (dmpar)
#7 0.377   12.  Linux x86_64, PGI compiler, SGI MPT   (dmpar_NO_GRIB2)
#7 0.377   13.  Linux x86_64, IA64 and Opteron    (serial)
#7 0.377   14.  Linux x86_64, IA64 and Opteron    (serial_NO_GRIB2)
#7 0.377   15.  Linux x86_64, IA64 and Opteron    (dmpar)
#7 0.377   16.  Linux x86_64, IA64 and Opteron    (dmpar_NO_GRIB2)
#7 0.377   17.  Linux x86_64, Intel compiler    (serial)
#7 0.377   18.  Linux x86_64, Intel compiler    (serial_NO_GRIB2)
#7 0.377   19.  Linux x86_64, Intel compiler    (dmpar)
#7 0.377   20.  Linux x86_64, Intel compiler    (dmpar_NO_GRIB2)
#7 0.377   21.  Linux x86_64, Intel compiler, SGI MPT    (serial)
#7 0.377   22.  Linux x86_64, Intel compiler, SGI MPT    (serial_NO_GRIB2)
#7 0.377   23.  Linux x86_64, Intel compiler, SGI MPT    (dmpar)
#7 0.377   24.  Linux x86_64, Intel compiler, SGI MPT    (dmpar_NO_GRIB2)
#7 0.377   25.  Linux x86_64, Intel compiler, IBM POE    (serial)
#7 0.377   26.  Linux x86_64, Intel compiler, IBM POE    (serial_NO_GRIB2)
#7 0.377   27.  Linux x86_64, Intel compiler, IBM POE    (dmpar)
#7 0.377   28.  Linux x86_64, Intel compiler, IBM POE    (dmpar_NO_GRIB2)
#7 0.377   29.  Linux x86_64 g95 compiler     (serial)
#7 0.377   30.  Linux x86_64 g95 compiler     (serial_NO_GRIB2)
#7 0.377   31.  Linux x86_64 g95 compiler     (dmpar)
#7 0.377   32.  Linux x86_64 g95 compiler     (dmpar_NO_GRIB2)
#7 0.377   33.  Cray XE/XC CLE/Linux x86_64, Cray compiler   (serial)
#7 0.377   34.  Cray XE/XC CLE/Linux x86_64, Cray compiler   (serial_NO_GRIB2)
#7 0.377   35.  Cray XE/XC CLE/Linux x86_64, Cray compiler   (dmpar)
#7 0.377   36.  Cray XE/XC CLE/Linux x86_64, Cray compiler   (dmpar_NO_GRIB2)
#7 0.377   37.  Cray XC CLE/Linux x86_64, Intel compiler   (serial)
#7 0.377   38.  Cray XC CLE/Linux x86_64, Intel compiler   (serial_NO_GRIB2)
#7 0.377   39.  Cray XC CLE/Linux x86_64, Intel compiler   (dmpar)
#7 0.377   40.  Cray XC CLE/Linux x86_64, Intel compiler   (dmpar_NO_GRIB2)
#7 0.377 
#7 0.377 Enter selection [1-40] : ------------------------------------------------------------------------
#7 0.377 Configuration successful. To build the WPS, type: compile
#7 0.377 ------------------------------------------------------------------------
#7 DONE 0.5s

#8 [internal] load metadata for docker.io/library/wrf-compiled:latest
#8 DONE 0.0s

#9 [internal] load .dockerignore
#9 transferring context: 2B done
#9 DONE 0.0s

#10 [7/7] RUN echo "Starting WPS compilation..." &&     ./compile geogrid &&     ./compile ungrib &&     ./compile metgrid &&     echo "--- Contents of /wrf/WPS/ after compile ---" &&     ls -la /wrf/WPS/ &&     echo "--- Validating WPS executables ---" &&     ls -l /wrf/WPS/geogrid.exe &&     ls -l /wrf/WPS/ungrib.exe &&     ls -l /wrf/WPS/metgrid.exe &&     echo "--- WPS compilation successful ---"
#10 0.406 Starting WPS compilation...
#10 0.419 ============================================================================================== 
#10 0.419  
#10 0.419 Version 4.5
#10 0.419  
#10 0.420 Linux buildkitsandbox 6.1.0-43-cloud-amd64 #1 SMP PREEMPT_DYNAMIC Debian 6.1.162-1 (2026-02-08) x86_64 x86_64 x86_64 GNU/Linux
#10 0.420  
#10 0.422 GNU Fortran (Ubuntu 11.4.0-1ubuntu1~22.04.3) 11.4.0
#10 0.422 Copyright (C) 2021 Free Software Foundation, Inc.
#10 0.422 This is free software; see the source for copying conditions.  There is NO
#10 0.422 warranty; not even for MERCHANTABILITY or FITNESS FOR A PARTICULAR PURPOSE.
#10 0.422 
#10 0.422  
#10 0.422 ============================================================================================== 
#10 0.422  
#10 0.422  
#10 0.422 **** Compiling geogrid ****
#10 0.422  
#10 0.425 make[1]: Entering directory '/wrf/WPS/geogrid/src'
#10 0.425 /bin/rm -f cio.o
#10 0.426 gcc -D_UNDERSCORE -DBYTESWAP -DLINUX -DIO_NETCDF -DBIT32 -DNO_SIGNAL  -D_GEOGRID  -c cio.c	
#10 0.449 /bin/rm -f constants_module.o constants_module.mod
#10 0.450 /usr/bin/cpp -P -traditional -D_UNDERSCORE -DBYTESWAP -DLINUX -DIO_NETCDF -DBIT32 -DNO_SIGNAL  -D_GEOGRID -DUSE_JPEG2000 -DUSE_PNG -I/wrf/WRF/external/io_netcdf -I/wrf/WRF/external/io_grib_share -I/wrf/WRF/external/io_grib1 -I/wrf/WRF/external/io_int -I/wrf/WRF/inc -I/usr/include constants_module.F > constants_module.f90
#10 0.466 gfortran -ffree-form -O -fconvert=big-endian -frecord-marker=4 -fallow-argument-mismatch -c constants_module.f90 -I/wrf/WRF/external/io_netcdf -I/wrf/WRF/external/io_grib_share -I/wrf/WRF/external/io_grib1 -I/wrf/WRF/external/io_int -I/wrf/WRF/inc -I/usr/include
#10 0.478 /bin/rm -f misc_definitions_module.o misc_definitions_module.mod
#10 0.478 /usr/bin/cpp -P -traditional -D_UNDERSCORE -DBYTESWAP -DLINUX -DIO_NETCDF -DBIT32 -DNO_SIGNAL  -D_GEOGRID -DUSE_JPEG2000 -DUSE_PNG -I/wrf/WRF/external/io_netcdf -I/wrf/WRF/external/io_grib_share -I/wrf/WRF/external/io_grib1 -I/wrf/WRF/external/io_int -I/wrf/WRF/inc -I/usr/include misc_definitions_module.F > misc_definitions_module.f90
#10 0.486 gfortran -ffree-form -O -fconvert=big-endian -frecord-marker=4 -fallow-argument-mismatch -c misc_definitions_module.f90 -I/wrf/WRF/external/io_netcdf -I/wrf/WRF/external/io_grib_share -I/wrf/WRF/external/io_grib1 -I/wrf/WRF/external/io_int -I/wrf/WRF/inc -I/usr/include
#10 0.496 /bin/rm -f parallel_module.o parallel_module.mod
#10 0.497 /usr/bin/cpp -P -traditional -D_UNDERSCORE -DBYTESWAP -DLINUX -DIO_NETCDF -DBIT32 -DNO_SIGNAL  -D_GEOGRID -DUSE_JPEG2000 -DUSE_PNG -I/wrf/WRF/external/io_netcdf -I/wrf/WRF/external/io_grib_share -I/wrf/WRF/external/io_grib1 -I/wrf/WRF/external/io_int -I/wrf/WRF/inc -I/usr/include parallel_module.F > parallel_module.f90
#10 0.504 gfortran -ffree-form -O -fconvert=big-endian -frecord-marker=4 -fallow-argument-mismatch -c parallel_module.f90 -I/wrf/WRF/external/io_netcdf -I/wrf/WRF/external/io_grib_share -I/wrf/WRF/external/io_grib1 -I/wrf/WRF/external/io_int -I/wrf/WRF/inc -I/usr/include
#10 0.553 /bin/rm -f module_debug.o module_debug.mod
#10 0.554 /usr/bin/cpp -P -traditional -D_UNDERSCORE -DBYTESWAP -DLINUX -DIO_NETCDF -DBIT32 -DNO_SIGNAL  -D_GEOGRID -DUSE_JPEG2000 -DUSE_PNG -I/wrf/WRF/external/io_netcdf -I/wrf/WRF/external/io_grib_share -I/wrf/WRF/external/io_grib1 -I/wrf/WRF/external/io_int -I/wrf/WRF/inc -I/usr/include module_debug.F > module_debug.f90
#10 0.562 gfortran -ffree-form -O -fconvert=big-endian -frecord-marker=4 -fallow-argument-mismatch -c module_debug.f90 -I/wrf/WRF/external/io_netcdf -I/wrf/WRF/external/io_grib_share -I/wrf/WRF/external/io_grib1 -I/wrf/WRF/external/io_int -I/wrf/WRF/inc -I/usr/include
#10 0.655 /bin/rm -f gridinfo_module.o gridinfo_module.mod
#10 0.656 /usr/bin/cpp -P -traditional -D_UNDERSCORE -DBYTESWAP -DLINUX -DIO_NETCDF -DBIT32 -DNO_SIGNAL  -D_GEOGRID -DUSE_JPEG2000 -DUSE_PNG -I/wrf/WRF/external/io_netcdf -I/wrf/WRF/external/io_grib_share -I/wrf/WRF/external/io_grib1 -I/wrf/WRF/external/io_int -I/wrf/WRF/inc -I/usr/include gridinfo_module.F > gridinfo_module.f90
#10 0.663 gfortran -ffree-form -O -fconvert=big-endian -frecord-marker=4 -fallow-argument-mismatch -c gridinfo_module.f90 -I/wrf/WRF/external/io_netcdf -I/wrf/WRF/external/io_grib_share -I/wrf/WRF/external/io_grib1 -I/wrf/WRF/external/io_int -I/wrf/WRF/inc -I/usr/include
#10 0.847 /bin/rm -f wrf_debug.o wrf_debug.mod
#10 0.848 /usr/bin/cpp -P -traditional -D_UNDERSCORE -DBYTESWAP -DLINUX -DIO_NETCDF -DBIT32 -DNO_SIGNAL  -D_GEOGRID -DUSE_JPEG2000 -DUSE_PNG -I/wrf/WRF/external/io_netcdf -I/wrf/WRF/external/io_grib_share -I/wrf/WRF/external/io_grib1 -I/wrf/WRF/external/io_int -I/wrf/WRF/inc -I/usr/include wrf_debug.F > wrf_debug.f90
#10 0.855 gfortran -ffree-form -O -fconvert=big-endian -frecord-marker=4 -fallow-argument-mismatch -c wrf_debug.f90 -I/wrf/WRF/external/io_netcdf -I/wrf/WRF/external/io_grib_share -I/wrf/WRF/external/io_grib1 -I/wrf/WRF/external/io_int -I/wrf/WRF/inc -I/usr/include
#10 0.878 /bin/rm -f bitarray_module.o bitarray_module.mod
#10 0.879 /usr/bin/cpp -P -traditional -D_UNDERSCORE -DBYTESWAP -DLINUX -DIO_NETCDF -DBIT32 -DNO_SIGNAL  -D_GEOGRID -DUSE_JPEG2000 -DUSE_PNG -I/wrf/WRF/external/io_netcdf -I/wrf/WRF/external/io_grib_share -I/wrf/WRF/external/io_grib1 -I/wrf/WRF/external/io_int -I/wrf/WRF/inc -I/usr/include bitarray_module.F > bitarray_module.f90
#10 0.886 gfortran -ffree-form -O -fconvert=big-endian -frecord-marker=4 -fallow-argument-mismatch -c bitarray_module.f90 -I/wrf/WRF/external/io_netcdf -I/wrf/WRF/external/io_grib_share -I/wrf/WRF/external/io_grib1 -I/wrf/WRF/external/io_int -I/wrf/WRF/inc -I/usr/include
#10 0.933 /bin/rm -f module_stringutil.o module_stringutil.mod
#10 0.934 /usr/bin/cpp -P -traditional -D_UNDERSCORE -DBYTESWAP -DLINUX -DIO_NETCDF -DBIT32 -DNO_SIGNAL  -D_GEOGRID -DUSE_JPEG2000 -DUSE_PNG -I/wrf/WRF/external/io_netcdf -I/wrf/WRF/external/io_grib_share -I/wrf/WRF/external/io_grib1 -I/wrf/WRF/external/io_int -I/wrf/WRF/inc -I/usr/include module_stringutil.F > module_stringutil.f90
#10 0.941 gfortran -ffree-form -O -fconvert=big-endian -frecord-marker=4 -fallow-argument-mismatch -c module_stringutil.f90 -I/wrf/WRF/external/io_netcdf -I/wrf/WRF/external/io_grib_share -I/wrf/WRF/external/io_grib1 -I/wrf/WRF/external/io_int -I/wrf/WRF/inc -I/usr/include
#10 0.969 /bin/rm -f hash_module.o hash_module.mod
#10 0.969 /usr/bin/cpp -P -traditional -D_UNDERSCORE -DBYTESWAP -DLINUX -DIO_NETCDF -DBIT32 -DNO_SIGNAL  -D_GEOGRID -DUSE_JPEG2000 -DUSE_PNG -I/wrf/WRF/external/io_netcdf -I/wrf/WRF/external/io_grib_share -I/wrf/WRF/external/io_grib1 -I/wrf/WRF/external/io_int -I/wrf/WRF/inc -I/usr/include hash_module.F > hash_module.f90
#10 0.977 gfortran -ffree-form -O -fconvert=big-endian -frecord-marker=4 -fallow-argument-mismatch -c hash_module.f90 -I/wrf/WRF/external/io_netcdf -I/wrf/WRF/external/io_grib_share -I/wrf/WRF/external/io_grib1 -I/wrf/WRF/external/io_int -I/wrf/WRF/inc -I/usr/include
#10 1.006 /bin/rm -f module_map_utils.o module_map_utils.mod
#10 1.007 /usr/bin/cpp -P -traditional -D_UNDERSCORE -DBYTESWAP -DLINUX -DIO_NETCDF -DBIT32 -DNO_SIGNAL  -D_GEOGRID -DUSE_JPEG2000 -DUSE_PNG -I/wrf/WRF/external/io_netcdf -I/wrf/WRF/external/io_grib_share -I/wrf/WRF/external/io_grib1 -I/wrf/WRF/external/io_int -I/wrf/WRF/inc -I/usr/include module_map_utils.F > module_map_utils.f90
#10 1.015 gfortran -ffree-form -O -fconvert=big-endian -frecord-marker=4 -fallow-argument-mismatch -c module_map_utils.f90 -I/wrf/WRF/external/io_netcdf -I/wrf/WRF/external/io_grib_share -I/wrf/WRF/external/io_grib1 -I/wrf/WRF/external/io_int -I/wrf/WRF/inc -I/usr/include
#10 1.281 /bin/rm -f list_module.o list_module.mod
#10 1.282 /usr/bin/cpp -P -traditional -D_UNDERSCORE -DBYTESWAP -DLINUX -DIO_NETCDF -DBIT32 -DNO_SIGNAL  -D_GEOGRID -DUSE_JPEG2000 -DUSE_PNG -I/wrf/WRF/external/io_netcdf -I/wrf/WRF/external/io_grib_share -I/wrf/WRF/external/io_grib1 -I/wrf/WRF/external/io_int -I/wrf/WRF/inc -I/usr/include list_module.F > list_module.f90
#10 1.290 gfortran -ffree-form -O -fconvert=big-endian -frecord-marker=4 -fallow-argument-mismatch -c list_module.f90 -I/wrf/WRF/external/io_netcdf -I/wrf/WRF/external/io_grib_share -I/wrf/WRF/external/io_grib1 -I/wrf/WRF/external/io_int -I/wrf/WRF/inc -I/usr/include
#10 1.336 /bin/rm -f llxy_module.o llxy_module.mod
#10 1.336 /usr/bin/cpp -P -traditional -D_UNDERSCORE -DBYTESWAP -DLINUX -DIO_NETCDF -DBIT32 -DNO_SIGNAL  -D_GEOGRID -DUSE_JPEG2000 -DUSE_PNG -I/wrf/WRF/external/io_netcdf -I/wrf/WRF/external/io_grib_share -I/wrf/WRF/external/io_grib1 -I/wrf/WRF/external/io_int -I/wrf/WRF/inc -I/usr/include llxy_module.F > llxy_module.f90
#10 1.344 gfortran -ffree-form -O -fconvert=big-endian -frecord-marker=4 -fallow-argument-mismatch -c llxy_module.f90 -I/wrf/WRF/external/io_netcdf -I/wrf/WRF/external/io_grib_share -I/wrf/WRF/external/io_grib1 -I/wrf/WRF/external/io_int -I/wrf/WRF/inc -I/usr/include
#10 1.430 /bin/rm -f source_data_module.o source_data_module.mod
#10 1.431 /usr/bin/cpp -P -traditional -D_UNDERSCORE -DBYTESWAP -DLINUX -DIO_NETCDF -DBIT32 -DNO_SIGNAL  -D_GEOGRID -DUSE_JPEG2000 -DUSE_PNG -I/wrf/WRF/external/io_netcdf -I/wrf/WRF/external/io_grib_share -I/wrf/WRF/external/io_grib1 -I/wrf/WRF/external/io_int -I/wrf/WRF/inc -I/usr/include source_data_module.F > source_data_module.f90
#10 1.441 gfortran -ffree-form -O -fconvert=big-endian -frecord-marker=4 -fallow-argument-mismatch -c source_data_module.f90 -I/wrf/WRF/external/io_netcdf -I/wrf/WRF/external/io_grib_share -I/wrf/WRF/external/io_grib1 -I/wrf/WRF/external/io_int -I/wrf/WRF/inc -I/usr/include
#10 2.742 /bin/rm -f output_module.o output_module.mod
#10 2.743 /usr/bin/cpp -P -traditional -D_UNDERSCORE -DBYTESWAP -DLINUX -DIO_NETCDF -DBIT32 -DNO_SIGNAL  -D_GEOGRID -DUSE_JPEG2000 -DUSE_PNG -I/wrf/WRF/external/io_netcdf -I/wrf/WRF/external/io_grib_share -I/wrf/WRF/external/io_grib1 -I/wrf/WRF/external/io_int -I/wrf/WRF/inc -I/usr/include output_module.F > output_module.f90
#10 2.752 gfortran -ffree-form -O -fconvert=big-endian -frecord-marker=4 -fallow-argument-mismatch -c output_module.f90 -I/wrf/WRF/external/io_netcdf -I/wrf/WRF/external/io_grib_share -I/wrf/WRF/external/io_grib1 -I/wrf/WRF/external/io_int -I/wrf/WRF/inc -I/usr/include
#10 3.150 /bin/rm -f queue_module.o queue_module.mod
#10 3.151 /usr/bin/cpp -P -traditional -D_UNDERSCORE -DBYTESWAP -DLINUX -DIO_NETCDF -DBIT32 -DNO_SIGNAL  -D_GEOGRID -DUSE_JPEG2000 -DUSE_PNG -I/wrf/WRF/external/io_netcdf -I/wrf/WRF/external/io_grib_share -I/wrf/WRF/external/io_grib1 -I/wrf/WRF/external/io_int -I/wrf/WRF/inc -I/usr/include queue_module.F > queue_module.f90
#10 3.158 gfortran -ffree-form -O -fconvert=big-endian -frecord-marker=4 -fallow-argument-mismatch -c queue_module.f90 -I/wrf/WRF/external/io_netcdf -I/wrf/WRF/external/io_grib_share -I/wrf/WRF/external/io_grib1 -I/wrf/WRF/external/io_int -I/wrf/WRF/inc -I/usr/include
#10 3.190 /bin/rm -f interp_module.o interp_module.mod
#10 3.190 /usr/bin/cpp -P -traditional -D_UNDERSCORE -DBYTESWAP -DLINUX -DIO_NETCDF -DBIT32 -DNO_SIGNAL  -D_GEOGRID -DUSE_JPEG2000 -DUSE_PNG -I/wrf/WRF/external/io_netcdf -I/wrf/WRF/external/io_grib_share -I/wrf/WRF/external/io_grib1 -I/wrf/WRF/external/io_int -I/wrf/WRF/inc -I/usr/include interp_module.F > interp_module.f90
#10 3.198 gfortran -ffree-form -O -fconvert=big-endian -frecord-marker=4 -fallow-argument-mismatch -c interp_module.f90 -I/wrf/WRF/external/io_netcdf -I/wrf/WRF/external/io_grib_share -I/wrf/WRF/external/io_grib1 -I/wrf/WRF/external/io_int -I/wrf/WRF/inc -I/usr/include
#10 3.564 /bin/rm -f proc_point_module.o proc_point_module.mod
#10 3.565 /usr/bin/cpp -P -traditional -D_UNDERSCORE -DBYTESWAP -DLINUX -DIO_NETCDF -DBIT32 -DNO_SIGNAL  -D_GEOGRID -DUSE_JPEG2000 -DUSE_PNG -I/wrf/WRF/external/io_netcdf -I/wrf/WRF/external/io_grib_share -I/wrf/WRF/external/io_grib1 -I/wrf/WRF/external/io_int -I/wrf/WRF/inc -I/usr/include proc_point_module.F > proc_point_module.f90
#10 3.573 gfortran -ffree-form -O -fconvert=big-endian -frecord-marker=4 -fallow-argument-mismatch -c proc_point_module.f90 -I/wrf/WRF/external/io_netcdf -I/wrf/WRF/external/io_grib_share -I/wrf/WRF/external/io_grib1 -I/wrf/WRF/external/io_int -I/wrf/WRF/inc -I/usr/include
#10 3.815 /bin/rm -f smooth_module.o smooth_module.mod
#10 3.815 /usr/bin/cpp -P -traditional -D_UNDERSCORE -DBYTESWAP -DLINUX -DIO_NETCDF -DBIT32 -DNO_SIGNAL  -D_GEOGRID -DUSE_JPEG2000 -DUSE_PNG -I/wrf/WRF/external/io_netcdf -I/wrf/WRF/external/io_grib_share -I/wrf/WRF/external/io_grib1 -I/wrf/WRF/external/io_int -I/wrf/WRF/inc -I/usr/include smooth_module.F > smooth_module.f90
#10 3.823 gfortran -ffree-form -O -fconvert=big-endian -frecord-marker=4 -fallow-argument-mismatch -c smooth_module.f90 -I/wrf/WRF/external/io_netcdf -I/wrf/WRF/external/io_grib_share -I/wrf/WRF/external/io_grib1 -I/wrf/WRF/external/io_int -I/wrf/WRF/inc -I/usr/include
#10 4.134 /bin/rm -f process_tile_module.o process_tile_module.mod
#10 4.135 /usr/bin/cpp -P -traditional -D_UNDERSCORE -DBYTESWAP -DLINUX -DIO_NETCDF -DBIT32 -DNO_SIGNAL  -D_GEOGRID -DUSE_JPEG2000 -DUSE_PNG -I/wrf/WRF/external/io_netcdf -I/wrf/WRF/external/io_grib_share -I/wrf/WRF/external/io_grib1 -I/wrf/WRF/external/io_int -I/wrf/WRF/inc -I/usr/include process_tile_module.F > process_tile_module.f90
#10 4.144 gfortran -ffree-form -O -fconvert=big-endian -frecord-marker=4 -fallow-argument-mismatch -c process_tile_module.f90 -I/wrf/WRF/external/io_netcdf -I/wrf/WRF/external/io_grib_share -I/wrf/WRF/external/io_grib1 -I/wrf/WRF/external/io_int -I/wrf/WRF/inc -I/usr/include
#10 5.012 /bin/rm -f geogrid.o geogrid.mod
#10 5.012 /usr/bin/cpp -P -traditional -D_UNDERSCORE -DBYTESWAP -DLINUX -DIO_NETCDF -DBIT32 -DNO_SIGNAL  -D_GEOGRID -DUSE_JPEG2000 -DUSE_PNG -I/wrf/WRF/external/io_netcdf -I/wrf/WRF/external/io_grib_share -I/wrf/WRF/external/io_grib1 -I/wrf/WRF/external/io_int -I/wrf/WRF/inc -I/usr/include geogrid.F > geogrid.f90
#10 5.020 gfortran -ffree-form -O -fconvert=big-endian -frecord-marker=4 -fallow-argument-mismatch -c geogrid.f90 -I/wrf/WRF/external/io_netcdf -I/wrf/WRF/external/io_grib_share -I/wrf/WRF/external/io_grib1 -I/wrf/WRF/external/io_int -I/wrf/WRF/inc -I/usr/include
#10 5.065 /bin/rm -f read_geogrid.o
#10 5.065 gcc -D_UNDERSCORE -DBYTESWAP -DLINUX -DIO_NETCDF -DBIT32 -DNO_SIGNAL  -D_GEOGRID  -c read_geogrid.c	
#10 5.077 read_geogrid.c:23: warning: "BIG_ENDIAN" redefined
#10 5.077    23 | #define BIG_ENDIAN    0
#10 5.077       | 
#10 5.077 In file included from /usr/include/x86_64-linux-gnu/sys/types.h:176,
#10 5.077                  from /usr/include/stdlib.h:395,
#10 5.077                  from read_geogrid.c:12:
#10 5.077 /usr/include/endian.h:28: note: this is the location of the previous definition
#10 5.077    28 | # define BIG_ENDIAN     __BIG_ENDIAN
#10 5.077       | 
#10 5.077 read_geogrid.c:24: warning: "LITTLE_ENDIAN" redefined
#10 5.077    24 | #define LITTLE_ENDIAN 1
#10 5.077       | 
#10 5.077 In file included from /usr/include/x86_64-linux-gnu/sys/types.h:176,
#10 5.077                  from /usr/include/stdlib.h:395,
#10 5.077                  from read_geogrid.c:12:
#10 5.077 /usr/include/endian.h:27: note: this is the location of the previous definition
#10 5.077    27 | # define LITTLE_ENDIAN  __LITTLE_ENDIAN
#10 5.077       | 
#10 5.078 read_geogrid.c: In function 'read_geogrid_':
#10 5.078 read_geogrid.c:124:62: warning: left shift count >= width of type [-Wshift-count-overflow]
#10 5.078   124 |             if ((*isigned) && (ival > (1 << 31))) ival -= (1 << 32);
#10 5.078       |                                                              ^~
#10 5.089 gfortran  -o geogrid.exe cio.o wrf_debug.o bitarray_module.o constants_module.o module_stringutil.o geogrid.o gridinfo_module.o hash_module.o interp_module.o list_module.o llxy_module.o misc_definitions_module.o module_debug.o module_map_utils.o output_module.o parallel_module.o process_tile_module.o proc_point_module.o queue_module.o read_geogrid.o smooth_module.o source_data_module.o \
#10 5.089 	/wrf/WRF/frame/module_driver_constants.o \
#10 5.089 	/wrf/WRF/frame/pack_utils.o /wrf/WRF/frame/module_machine.o \
#10 5.089 	/wrf/WRF/frame/module_internal_header_util.o \
#10 5.089 	-I/wrf/WRF/external/io_netcdf -I/wrf/WRF/external/io_grib_share -I/wrf/WRF/external/io_grib1 -I/wrf/WRF/external/io_int -I/wrf/WRF/inc -I/usr/include \
#10 5.089 	-L/wrf/WRF/external/io_grib1 -lio_grib1 -L/wrf/WRF/external/io_grib_share -lio_grib_share -L/wrf/WRF/external/io_int -lwrfio_int -L/wrf/WRF/external/io_netcdf -lwrfio_nf -L/usr/lib  -lnetcdff -lnetcdf -lgomp \
#10 5.089 	
#10 5.233 make[1]: Leaving directory '/wrf/WPS/geogrid/src'
#10 5.241 ============================================================================================== 
#10 5.241  
#10 5.241 Version 4.5
#10 5.241  
#10 5.241 Linux buildkitsandbox 6.1.0-43-cloud-amd64 #1 SMP PREEMPT_DYNAMIC Debian 6.1.162-1 (2026-02-08) x86_64 x86_64 x86_64 GNU/Linux
#10 5.241  
#10 5.244 GNU Fortran (Ubuntu 11.4.0-1ubuntu1~22.04.3) 11.4.0
#10 5.244 Copyright (C) 2021 Free Software Foundation, Inc.
#10 5.244 This is free software; see the source for copying conditions.  There is NO
#10 5.244 warranty; not even for MERCHANTABILITY or FITNESS FOR A PARTICULAR PURPOSE.
#10 5.244 
#10 5.244  
#10 5.244 ============================================================================================== 
#10 5.244  
#10 5.244  
#10 5.244 **** Compiling ungrib ****
#10 5.244  
#10 5.245 ( cd src/ngl ; make -i -r DEV_TOP="/wrf/WPS" CC="gcc" FC="gfortran" RANLIB="ranlib " all )
#10 5.247 make[1]: Entering directory '/wrf/WPS/ungrib/src/ngl'
#10 5.247 ( cd w3 ; make -i -r DEV_TOP="/wrf/WPS" all ; ranlib  libw3.a )
#10 5.249 make[2]: Entering directory '/wrf/WPS/ungrib/src/ngl/w3'
#10 5.249 Makefile:44: warning: overriding recipe for target '.f.o'
#10 5.249 /wrf/WPS/configure.wps:103: warning: ignoring old recipe for target '.f.o'
#10 5.249 Makefile:48: warning: overriding recipe for target '.c.o'
#10 5.249 /wrf/WPS/configure.wps:99: warning: ignoring old recipe for target '.c.o'
#10 5.249 /bin/rm -f bacio_module.o
#10 5.249 gfortran -ffixed-form -O -fconvert=big-endian -frecord-marker=4 -fallow-argument-mismatch -c bacio_module.f
#10 5.261 /bin/rm -f getgb.o
#10 5.261 gfortran -ffixed-form -O -fconvert=big-endian -frecord-marker=4 -fallow-argument-mismatch -c getgb.f
#10 5.280 /bin/rm -f getgbmh.o
#10 5.280 gfortran -ffixed-form -O -fconvert=big-endian -frecord-marker=4 -fallow-argument-mismatch -c getgbmh.f
#10 5.307 /bin/rm -f putgbex.o
#10 5.308 gfortran -ffixed-form -O -fconvert=big-endian -frecord-marker=4 -fallow-argument-mismatch -c putgbex.f
#10 5.335 /bin/rm -f w3fi73.o
#10 5.336 gfortran -ffixed-form -O -fconvert=big-endian -frecord-marker=4 -fallow-argument-mismatch -c w3fi73.f
#10 5.357 /bin/rm -f getgb1r.o
#10 5.358 gfortran -ffixed-form -O -fconvert=big-endian -frecord-marker=4 -fallow-argument-mismatch -c getgb1r.f
#10 5.378 /bin/rm -f getgbmp.o
#10 5.378 gfortran -ffixed-form -O -fconvert=big-endian -frecord-marker=4 -fallow-argument-mismatch -c getgbmp.f
#10 5.407 /bin/rm -f putgbn.o
#10 5.408 gfortran -ffixed-form -O -fconvert=big-endian -frecord-marker=4 -fallow-argument-mismatch -c putgbn.f
#10 5.435 /bin/rm -f w3fi74.o
#10 5.436 gfortran -ffixed-form -O -fconvert=big-endian -frecord-marker=4 -fallow-argument-mismatch -c w3fi74.f
#10 5.525 /bin/rm -f getgb1re.o
#10 5.526 gfortran -ffixed-form -O -fconvert=big-endian -frecord-marker=4 -fallow-argument-mismatch -c getgb1re.f
#10 5.544 /bin/rm -f getgbp.o
#10 5.545 gfortran -ffixed-form -O -fconvert=big-endian -frecord-marker=4 -fallow-argument-mismatch -c getgbp.f
#10 5.563 /bin/rm -f r63w72.o
#10 5.564 gfortran -ffixed-form -O -fconvert=big-endian -frecord-marker=4 -fallow-argument-mismatch -c r63w72.f
#10 5.590 /bin/rm -f w3fi75.o
#10 5.591 gfortran -ffixed-form -O -fconvert=big-endian -frecord-marker=4 -fallow-argument-mismatch -c w3fi75.f
#10 5.614 w3fi75.f:794:18:
#10 5.614 
#10 5.614   671 |           CALL SBYTE (IFOVAL,NMIN,IFOPTR,KBDS(11))
#10 5.614       |                      2
#10 5.614 ......
#10 5.614   794 |       CALL SBYTE (BDS11,LENBDS,0,24)
#10 5.614       |                  1
#10 5.614 Warning: Type mismatch between actual argument at (1) and actual argument at (2) (CHARACTER(1)/INTEGER(4)).
#10 5.721 /bin/rm -f getgb1s.o
#10 5.722 gfortran -ffixed-form -O -fconvert=big-endian -frecord-marker=4 -fallow-argument-mismatch -c getgb1s.f
#10 5.775 /bin/rm -f getgi.o
#10 5.776 gfortran -ffixed-form -O -fconvert=big-endian -frecord-marker=4 -fallow-argument-mismatch -c getgi.f
#10 5.795 /bin/rm -f sbyte.o
#10 5.796 gfortran -ffixed-form -O -fconvert=big-endian -frecord-marker=4 -fallow-argument-mismatch -c sbyte.f
#10 5.820 /bin/rm -f w3fi76.o
#10 5.821 gfortran -ffixed-form -O -fconvert=big-endian -frecord-marker=4 -fallow-argument-mismatch -c w3fi76.f
#10 5.841 /bin/rm -f getgbe.o
#10 5.841 gfortran -ffixed-form -O -fconvert=big-endian -frecord-marker=4 -fallow-argument-mismatch -c getgbe.f
#10 5.860 /bin/rm -f getgir.o
#10 5.860 gfortran -ffixed-form -O -fconvert=big-endian -frecord-marker=4 -fallow-argument-mismatch -c getgir.f
#10 5.881 /bin/rm -f sbytes.o
#10 5.882 gfortran -ffixed-form -O -fconvert=big-endian -frecord-marker=4 -fallow-argument-mismatch -c sbytes.f
#10 5.909 /bin/rm -f w3fi82.o
#10 5.910 gfortran -ffixed-form -O -fconvert=big-endian -frecord-marker=4 -fallow-argument-mismatch -c w3fi82.f
#10 5.928 /bin/rm -f getgbeh.o
#10 5.928 gfortran -ffixed-form -O -fconvert=big-endian -frecord-marker=4 -fallow-argument-mismatch -c getgbeh.f
#10 5.946 /bin/rm -f idsdef.o
#10 5.947 gfortran -ffixed-form -O -fconvert=big-endian -frecord-marker=4 -fallow-argument-mismatch -c idsdef.f
#10 5.986 /bin/rm -f w3fi83.o
#10 5.987 gfortran -ffixed-form -O -fconvert=big-endian -frecord-marker=4 -fallow-argument-mismatch -c w3fi83.f
#10 6.015 /bin/rm -f getgbem.o
#10 6.015 gfortran -ffixed-form -O -fconvert=big-endian -frecord-marker=4 -fallow-argument-mismatch -c getgbem.f
#10 6.041 /bin/rm -f iw3jdn.o
#10 6.042 gfortran -ffixed-form -O -fconvert=big-endian -frecord-marker=4 -fallow-argument-mismatch -c iw3jdn.f
#10 6.059 /bin/rm -f w3difdat.o
#10 6.059 gfortran -ffixed-form -O -fconvert=big-endian -frecord-marker=4 -fallow-argument-mismatch -c w3difdat.f
#10 6.076 /bin/rm -f w3fs26.o
#10 6.077 gfortran -ffixed-form -O -fconvert=big-endian -frecord-marker=4 -fallow-argument-mismatch -c w3fs26.f
#10 6.097 /bin/rm -f getgbemh.o
#10 6.097 gfortran -ffixed-form -O -fconvert=big-endian -frecord-marker=4 -fallow-argument-mismatch -c getgbemh.f
#10 6.123 /bin/rm -f ixgb.o
#10 6.123 gfortran -ffixed-form -O -fconvert=big-endian -frecord-marker=4 -fallow-argument-mismatch -c ixgb.f
#10 6.158 /bin/rm -f w3doxdat.o
#10 6.159 gfortran -ffixed-form -O -fconvert=big-endian -frecord-marker=4 -fallow-argument-mismatch -c w3doxdat.f
#10 6.174 /bin/rm -f w3log.o
#10 6.175 gfortran -ffixed-form -O -fconvert=big-endian -frecord-marker=4 -fallow-argument-mismatch -c w3log.f
#10 6.189 /bin/rm -f getgbemp.o
#10 6.189 gfortran -ffixed-form -O -fconvert=big-endian -frecord-marker=4 -fallow-argument-mismatch -c getgbemp.f
#10 6.215 /bin/rm -f lengds.o
#10 6.216 gfortran -ffixed-form -O -fconvert=big-endian -frecord-marker=4 -fallow-argument-mismatch -c lengds.f
#10 6.231 /bin/rm -f w3fi01.o
#10 6.232 gfortran -ffixed-form -O -fconvert=big-endian -frecord-marker=4 -fallow-argument-mismatch -c w3fi01.f
#10 6.247 /bin/rm -f w3movdat.o
#10 6.248 gfortran -ffixed-form -O -fconvert=big-endian -frecord-marker=4 -fallow-argument-mismatch -c w3movdat.f
#10 6.266 /bin/rm -f getgbens.o
#10 6.267 gfortran -ffixed-form -O -fconvert=big-endian -frecord-marker=4 -fallow-argument-mismatch -c getgbens.f
#10 6.283 /bin/rm -f pdsens.o
#10 6.284 gfortran -ffixed-form -O -fconvert=big-endian -frecord-marker=4 -fallow-argument-mismatch -c pdsens.f
#10 6.304 /bin/rm -f w3fi58.o
#10 6.305 gfortran -ffixed-form -O -fconvert=big-endian -frecord-marker=4 -fallow-argument-mismatch -c w3fi58.f
#10 6.326 /bin/rm -f w3reddat.o
#10 6.327 gfortran -ffixed-form -O -fconvert=big-endian -frecord-marker=4 -fallow-argument-mismatch -c w3reddat.f
#10 6.353 /bin/rm -f getgbep.o
#10 6.354 gfortran -ffixed-form -O -fconvert=big-endian -frecord-marker=4 -fallow-argument-mismatch -c getgbep.f
#10 6.372 /bin/rm -f pdseup.o
#10 6.373 gfortran -ffixed-form -O -fconvert=big-endian -frecord-marker=4 -fallow-argument-mismatch -c pdseup.f
#10 6.396 /bin/rm -f w3fi59.o
#10 6.397 gfortran -ffixed-form -O -fconvert=big-endian -frecord-marker=4 -fallow-argument-mismatch -c w3fi59.f
#10 6.419 /bin/rm -f w3tagb.o
#10 6.420 gfortran -ffixed-form -O -fconvert=big-endian -frecord-marker=4 -fallow-argument-mismatch -c w3tagb.f
#10 6.444 /bin/rm -f errmsg.o
#10 6.445 gfortran -ffixed-form -O -fconvert=big-endian -frecord-marker=4 -fallow-argument-mismatch -c errmsg.f
#10 6.459 /bin/rm -f getgbex.o
#10 6.459 gfortran -ffixed-form -O -fconvert=big-endian -frecord-marker=4 -fallow-argument-mismatch -c getgbex.f
#10 6.478 /bin/rm -f putgb.o
#10 6.479 gfortran -ffixed-form -O -fconvert=big-endian -frecord-marker=4 -fallow-argument-mismatch -c putgb.f
#10 6.503 /bin/rm -f w3fi63.o
#10 6.503 gfortran -ffixed-form -O -fconvert=big-endian -frecord-marker=4 -fallow-argument-mismatch -c w3fi63.f
#10 6.734 /bin/rm -f gbytes.o
#10 6.734 gfortran -ffixed-form -O -fconvert=big-endian -frecord-marker=4 -fallow-argument-mismatch -c gbytes.f
#10 6.761 /bin/rm -f getgbexm.o
#10 6.762 gfortran -ffixed-form -O -fconvert=big-endian -frecord-marker=4 -fallow-argument-mismatch -c getgbexm.f
#10 6.789 /bin/rm -f putgbe.o
#10 6.789 gfortran -ffixed-form -O -fconvert=big-endian -frecord-marker=4 -fallow-argument-mismatch -c putgbe.f
#10 6.815 /bin/rm -f w3fi68.o
#10 6.816 gfortran -ffixed-form -O -fconvert=big-endian -frecord-marker=4 -fallow-argument-mismatch -c w3fi68.f
#10 6.842 /bin/rm -f gbytes_char.o
#10 6.843 gfortran -ffixed-form -O -fconvert=big-endian -frecord-marker=4 -fallow-argument-mismatch -c gbytes_char.f
#10 6.879 /bin/rm -f getgbh.o
#10 6.880 gfortran -ffixed-form -O -fconvert=big-endian -frecord-marker=4 -fallow-argument-mismatch -c getgbh.f
#10 6.898 /bin/rm -f putgben.o
#10 6.899 gfortran -ffixed-form -O -fconvert=big-endian -frecord-marker=4 -fallow-argument-mismatch -c putgben.f
#10 6.925 /bin/rm -f getbit.o
#10 6.926 gfortran -ffixed-form -O -fconvert=big-endian -frecord-marker=4 -fallow-argument-mismatch -c getbit.f
#10 6.951 /bin/rm -f getgbm.o
#10 6.952 gfortran -ffixed-form -O -fconvert=big-endian -frecord-marker=4 -fallow-argument-mismatch -c getgbm.f
#10 6.979 /bin/rm -f putgbens.o
#10 6.980 gfortran -ffixed-form -O -fconvert=big-endian -frecord-marker=4 -fallow-argument-mismatch -c putgbens.f
#10 6.995 /bin/rm -f w3fi72.o
#10 6.996 gfortran -ffixed-form -O -fconvert=big-endian -frecord-marker=4 -fallow-argument-mismatch -c w3fi72.f
#10 7.051 /bin/rm -f fparsei.o
#10 7.051 gfortran -ffixed-form -O -fconvert=big-endian -frecord-marker=4 -fallow-argument-mismatch -c fparsei.f
#10 7.067 /bin/rm -f fparser.o
#10 7.068 gfortran -ffixed-form -O -fconvert=big-endian -frecord-marker=4 -fallow-argument-mismatch -c fparser.f
#10 7.084 /bin/rm -f instrument.o
#10 7.085 gfortran -ffixed-form -O -fconvert=big-endian -frecord-marker=4 -fallow-argument-mismatch -c instrument.f
#10 7.114 /bin/rm -f start.o
#10 7.115 gfortran -ffixed-form -O -fconvert=big-endian -frecord-marker=4 -fallow-argument-mismatch -c start.f
#10 7.129 /bin/rm -f summary.o
#10 7.130 gfortran -ffixed-form -O -fconvert=big-endian -frecord-marker=4 -fallow-argument-mismatch -c summary.f
#10 7.143 /bin/rm -f w3utcdat.o
#10 7.143 gfortran -ffixed-form -O -fconvert=big-endian -frecord-marker=4 -fallow-argument-mismatch -c w3utcdat.f
#10 7.163 /bin/rm -f w3fs21.o
#10 7.164 gfortran -ffixed-form -O -fconvert=big-endian -frecord-marker=4 -fallow-argument-mismatch -c w3fs21.f
#10 7.180 /bin/rm -f w3locdat.o
#10 7.181 gfortran -ffixed-form -O -fconvert=big-endian -frecord-marker=4 -fallow-argument-mismatch -c w3locdat.f
#10 7.197 /bin/rm -f w3fi71.o
#10 7.198 gfortran -ffixed-form -O -fconvert=big-endian -frecord-marker=4 -fallow-argument-mismatch -c w3fi71.f
#10 7.332 /bin/rm -f baciof.o
#10 7.333 gfortran -ffixed-form -O -fconvert=big-endian -frecord-marker=4 -fallow-argument-mismatch -c baciof.f
#10 7.387 /bin/rm -f bacio.v1.3.o
#10 7.388 gcc  -D_UNDERSCORE -DBYTESWAP -DLINUX -DIO_NETCDF -DBIT32 -DNO_SIGNAL  -c bacio.v1.3.c 
#10 7.421 /bin/rm -f errexit.o
#10 7.422 gcc  -D_UNDERSCORE -DBYTESWAP -DLINUX -DIO_NETCDF -DBIT32 -DNO_SIGNAL  -c errexit.c 
#10 7.438 ar ru  libw3.a bacio_module.o getgb.o     getgbmh.o   putgbex.o   w3fi73.o getgb1r.o   getgbmp.o   putgbn.o    w3fi74.o getgb1re.o  getgbp.o    r63w72.o    w3fi75.o getgb1s.o   getgi.o     sbyte.o     w3fi76.o getgbe.o    getgir.o    sbytes.o    w3fi82.o getgbeh.o   idsdef.o                w3fi83.o getgbem.o   iw3jdn.o    w3difdat.o  w3fs26.o getgbemh.o  ixgb.o      w3doxdat.o  w3log.o getgbemp.o  lengds.o    w3fi01.o    w3movdat.o getgbens.o  pdsens.o    w3fi58.o    w3reddat.o getgbep.o   pdseup.o    w3fi59.o    w3tagb.o errmsg.o    getgbex.o   putgb.o     w3fi63.o gbytes.o    getgbexm.o  putgbe.o    w3fi68.o gbytes_char.o           getgbh.o    putgben.o getbit.o    getgbm.o    putgbens.o  w3fi72.o fparsei.o   fparser.o   instrument.o start.o     summary.o   w3utcdat.o  w3fs21.o w3locdat.o  w3fi71.o    baciof.o bacio.v1.3.o errexit.o
#10 7.439 ar: `u' modifier ignored since `D' is the default (see `U')
#10 7.439 ar: creating libw3.a
#10 7.452 ranlib  libw3.a
#10 7.465 make[2]: Leaving directory '/wrf/WPS/ungrib/src/ngl/w3'
#10 7.477 ln -sf w3/libw3.a .
#10 7.478 ( cd g2 ; make -i -r DEV_TOP="/wrf/WPS" all ; ranlib  libg2_4.a )
#10 7.480 make[2]: Entering directory '/wrf/WPS/ungrib/src/ngl/g2'
#10 7.480 Makefile:67: warning: overriding recipe for target '.F.o'
#10 7.480 /wrf/WPS/configure.wps:107: warning: ignoring old recipe for target '.F.o'
#10 7.480 Makefile:72: warning: overriding recipe for target '.f.o'
#10 7.480 /wrf/WPS/configure.wps:103: warning: ignoring old recipe for target '.f.o'
#10 7.480 Makefile:75: warning: overriding recipe for target '.c.o'
#10 7.480 /wrf/WPS/configure.wps:99: warning: ignoring old recipe for target '.c.o'
#10 7.480 gfortran -c -ffixed-form -O -fconvert=big-endian -frecord-marker=4 -fallow-argument-mismatch gridtemplates.f
#10 7.522 gfortran -c -ffixed-form -O -fconvert=big-endian -frecord-marker=4 -fallow-argument-mismatch pdstemplates.f
#10 7.597 gfortran -c -ffixed-form -O -fconvert=big-endian -frecord-marker=4 -fallow-argument-mismatch drstemplates.f
#10 7.626 gfortran -c -ffixed-form -O -fconvert=big-endian -frecord-marker=4 -fallow-argument-mismatch gribmod.f
#10 7.642 gfortran -c -ffixed-form -O -fconvert=big-endian -frecord-marker=4 -fallow-argument-mismatch realloc.f
#10 7.685 gfortran -c -ffixed-form -O -fconvert=big-endian -frecord-marker=4 -fallow-argument-mismatch intmath.f
#10 7.715 /usr/bin/cpp -P -traditional -DUSE_JPEG2000 -DUSE_PNG addfield.F > addfield.f90
#10 7.723 gfortran -c -ffixed-form -O -fconvert=big-endian -frecord-marker=4 -fallow-argument-mismatch addfield.f90
#10 7.735 addfield.f90:321:21:
#10 7.735 
#10 7.735   317 |         call simpack(pfld,ndpts,idrstmpl,cpack,lcpack)
#10 7.735       |                     2
#10 7.735 ......
#10 7.735   321 |         call simpack(pfld(2),ndpts-1,idrstmpl,cpack,lcpack)
#10 7.735       |                     1
#10 7.735 Warning: Element of assumed-shape or pointer array as actual argument at (1) cannot correspond to actual argument at (2)
#10 7.735 addfield.f90:322:20:
#10 7.735 
#10 7.735   272 |         call mkieee(coordlist,coordieee,numcoord)
#10 7.735       |                    2
#10 7.735 ......
#10 7.735   322 |         call mkieee(real(pfld(1)),re00,1)  ! ensure RE(0,0) value is IEEE format
#10 7.735       |                    1
#10 7.735 Warning: Rank mismatch between actual argument at (1) and actual argument at (2) (rank-1 and scalar)
#10 7.735 addfield.f90:435:26:
#10 7.735 
#10 7.735   273 |         call sbytes(cgrib,coordieee,iofst,32,0,numcoord)
#10 7.735       |                          2
#10 7.735 ......
#10 7.735   435 |         call sbytes(cgrib,intbmap,iofst,1,0,ngrdpts)    ! Store BitMap
#10 7.735       |                          1
#10 7.735 Warning: Type mismatch between actual argument at (1) and actual argument at (2) (INTEGER(4)/REAL(4)).
#10 7.803 /bin/rm -f addfield.f90
#10 7.804 gfortran -c -ffixed-form -O -fconvert=big-endian -frecord-marker=4 -fallow-argument-mismatch addgrid.f
#10 7.841 gfortran -c -ffixed-form -O -fconvert=big-endian -frecord-marker=4 -fallow-argument-mismatch addlocal.f
#10 7.868 gfortran -c -ffixed-form -O -fconvert=big-endian -frecord-marker=4 -fallow-argument-mismatch getfield.f
#10 7.885 getfield.f:628:26:
#10 7.885 
#10 7.885   628 |         call gbytes(cgrib,coordieee,iofst,32,0,numcoord)
#10 7.885       |                          1
#10 7.885 ......
#10 7.885   812 |         call gbytes(cgrib,intbmap,iofst,1,0,ngpts)
#10 7.885       |                          2
#10 7.885 Warning: Type mismatch between actual argument at (1) and actual argument at (2) (REAL(4)/INTEGER(4)).
#10 7.885 getfield.f:298:24:
#10 7.885 
#10 7.885   298 |             call rdieee(ieee,fld(1),1)
#10 7.885       |                        1
#10 7.885 ......
#10 7.885   629 |         call rdieee(coordieee,coordlist,numcoord)
#10 7.885       |                    2    
#10 7.885 Warning: Type mismatch between actual argument at (1) and actual argument at (2) (INTEGER(4)/REAL(4)).
#10 7.961 gfortran -c -ffixed-form -O -fconvert=big-endian -frecord-marker=4 -fallow-argument-mismatch gb_info.f
#10 7.992 gfortran -c -ffixed-form -O -fconvert=big-endian -frecord-marker=4 -fallow-argument-mismatch gf_getfld.f
#10 8.051 gfortran -c -ffixed-form -O -fconvert=big-endian -frecord-marker=4 -fallow-argument-mismatch gf_free.f
#10 8.069 gfortran -c -ffixed-form -O -fconvert=big-endian -frecord-marker=4 -fallow-argument-mismatch gf_unpack1.f
#10 8.089 gfortran -c -ffixed-form -O -fconvert=big-endian -frecord-marker=4 -fallow-argument-mismatch gf_unpack2.f
#10 8.111 gfortran -c -ffixed-form -O -fconvert=big-endian -frecord-marker=4 -fallow-argument-mismatch gf_unpack3.f
#10 8.149 gfortran -c -ffixed-form -O -fconvert=big-endian -frecord-marker=4 -fallow-argument-mismatch gf_unpack4.f
#10 8.187 gfortran -c -ffixed-form -O -fconvert=big-endian -frecord-marker=4 -fallow-argument-mismatch gf_unpack5.f
#10 8.219 gfortran -c -ffixed-form -O -fconvert=big-endian -frecord-marker=4 -fallow-argument-mismatch gf_unpack6.f
#10 8.240 /usr/bin/cpp -P -traditional -DUSE_JPEG2000 -DUSE_PNG gf_unpack7.F > gf_unpack7.f90
#10 8.247 gfortran -c -ffixed-form -O -fconvert=big-endian -frecord-marker=4 -fallow-argument-mismatch gf_unpack7.f90
#10 8.255 gf_unpack7.f90:101:23:
#10 8.255 
#10 8.255    91 |         call simunpack(cgrib(ipos),lensec-5,idrstmpl,ndpts,fld)
#10 8.255       |                                                           2
#10 8.255 ......
#10 8.255   101 |      &                 fld(2))
#10 8.255       |                       1
#10 8.255 Warning: Element of assumed-shape or pointer array as actual argument at (1) cannot correspond to actual argument at (2)
#10 8.279 /bin/rm -f gf_unpack7.f90
#10 8.280 gfortran -c -ffixed-form -O -fconvert=big-endian -frecord-marker=4 -fallow-argument-mismatch gettemplates.f
#10 8.312 gfortran -c -ffixed-form -O -fconvert=big-endian -frecord-marker=4 -fallow-argument-mismatch getlocal.f
#10 8.342 gfortran -c -ffixed-form -O -fconvert=big-endian -frecord-marker=4 -fallow-argument-mismatch getdim.f
#10 8.365 gfortran -c -ffixed-form -O -fconvert=big-endian -frecord-marker=4 -fallow-argument-mismatch getpoly.f
#10 8.384 gfortran -c -ffixed-form -O -fconvert=big-endian -frecord-marker=4 -fallow-argument-mismatch gribcreate.f
#10 8.404 gfortran -c -ffixed-form -O -fconvert=big-endian -frecord-marker=4 -fallow-argument-mismatch gribend.f
#10 8.427 gfortran -c -ffixed-form -O -fconvert=big-endian -frecord-marker=4 -fallow-argument-mismatch gribinfo.f
#10 8.462 gfortran -c -ffixed-form -O -fconvert=big-endian -frecord-marker=4 -fallow-argument-mismatch mkieee.f
#10 8.484 gfortran -c -ffixed-form -O -fconvert=big-endian -frecord-marker=4 -fallow-argument-mismatch rdieee.f
#10 8.503 gfortran -c -ffixed-form -O -fconvert=big-endian -frecord-marker=4 -fallow-argument-mismatch simunpack.f
#10 8.523 gfortran -c -ffixed-form -O -fconvert=big-endian -frecord-marker=4 -fallow-argument-mismatch reduce.f
#10 8.561 gfortran -c -ffixed-form -O -fconvert=big-endian -frecord-marker=4 -fallow-argument-mismatch comunpack.f
#10 8.639 gfortran -c -ffixed-form -O -fconvert=big-endian -frecord-marker=4 -fallow-argument-mismatch specunpack.f
#10 8.647 specunpack.f:59:21:
#10 8.647 
#10 8.647    48 |       call rdieee(ieee,ref,1)
#10 8.647       |                  2   
#10 8.647 ......
#10 8.647    59 |          call rdieee(cpack,unpk,Ts)          ! read IEEE unpacked floats
#10 8.647       |                     1
#10 8.647 Warning: Type mismatch between actual argument at (1) and actual argument at (2) (CHARACTER(1)/INTEGER(4)).
#10 8.672 /usr/bin/cpp -P -traditional -DUSE_JPEG2000 -DUSE_PNG jpcunpack.F > jpcunpack.f90
#10 8.679 gfortran -c -ffixed-form -O -fconvert=big-endian -frecord-marker=4 -fallow-argument-mismatch jpcunpack.f90
#10 8.699 /bin/rm -f jpcunpack.f90
#10 8.700 gcc -c  -D_UNDERSCORE -DBYTESWAP -DLINUX -DIO_NETCDF -DBIT32 -DNO_SIGNAL  -I/wrf/grib2/include -DUSE_JPEG2000 -DUSE_PNG -D__64BIT__ dec_jpeg2000.c
#10 8.733 /usr/bin/cpp -P -traditional -DUSE_JPEG2000 -DUSE_PNG pngunpack.F > pngunpack.f90
#10 8.741 gfortran -c -ffixed-form -O -fconvert=big-endian -frecord-marker=4 -fallow-argument-mismatch pngunpack.f90
#10 8.764 /bin/rm -f pngunpack.f90
#10 8.764 gcc -c  -D_UNDERSCORE -DBYTESWAP -DLINUX -DIO_NETCDF -DBIT32 -DNO_SIGNAL  -I/wrf/grib2/include -DUSE_JPEG2000 -DUSE_PNG -D__64BIT__ dec_png.c
#10 8.804 gfortran -c -ffixed-form -O -fconvert=big-endian -frecord-marker=4 -fallow-argument-mismatch gbytesc.f
#10 8.840 gfortran -c -ffixed-form -O -fconvert=big-endian -frecord-marker=4 -fallow-argument-mismatch skgb.f
#10 8.863 gfortran -c -ffixed-form -O -fconvert=big-endian -frecord-marker=4 -fallow-argument-mismatch ixgb2.f
#10 8.905 gfortran -c -ffixed-form -O -fconvert=big-endian -frecord-marker=4 -fallow-argument-mismatch getidx.f
#10 8.932 gfortran -c -ffixed-form -O -fconvert=big-endian -frecord-marker=4 -fallow-argument-mismatch getg2i.f
#10 8.952 gfortran -c -ffixed-form -O -fconvert=big-endian -frecord-marker=4 -fallow-argument-mismatch getg2ir.f
#10 8.982 gfortran -c -ffixed-form -O -fconvert=big-endian -frecord-marker=4 -fallow-argument-mismatch getgb2s.f
#10 9.024 gfortran -c -ffixed-form -O -fconvert=big-endian -frecord-marker=4 -fallow-argument-mismatch getgb2r.f
#10 9.056 gfortran -c -ffixed-form -O -fconvert=big-endian -frecord-marker=4 -fallow-argument-mismatch getgb2l.f
#10 9.077 gfortran -c -ffixed-form -O -fconvert=big-endian -frecord-marker=4 -fallow-argument-mismatch getgb2.f
#10 9.097 gfortran -c -ffixed-form -O -fconvert=big-endian -frecord-marker=4 -fallow-argument-mismatch getgb2p.f
#10 9.122 gfortran -c -ffixed-form -O -fconvert=big-endian -frecord-marker=4 -fallow-argument-mismatch getgb2rp.f
#10 9.188 gfortran -c -ffixed-form -O -fconvert=big-endian -frecord-marker=4 -fallow-argument-mismatch putgb2.f
#10 9.255 gfortran -c -ffixed-form -O -fconvert=big-endian -frecord-marker=4 -fallow-argument-mismatch g2grids.f
#10 9.291 gfortran -c -ffixed-form -O -fconvert=big-endian -frecord-marker=4 -fallow-argument-mismatch gdt2gds.f
#10 9.350 gfortran -c -ffixed-form -O -fconvert=big-endian -frecord-marker=4 -fallow-argument-mismatch params.f
#10 9.433 gfortran -c -ffixed-form -O -fconvert=big-endian -frecord-marker=4 -fallow-argument-mismatch params_ecmwf.f
#10 9.470 gcc -c  -D_UNDERSCORE -DBYTESWAP -DLINUX -DIO_NETCDF -DBIT32 -DNO_SIGNAL  -I/wrf/grib2/include -DUSE_JPEG2000 -DUSE_PNG -D__64BIT__ mova2i.c
#10 9.482 /bin/rm -f libg2_4.a
#10 9.483 ar ru  libg2_4.a gridtemplates.o pdstemplates.o drstemplates.o gribmod.o realloc.o intmath.o addfield.o addgrid.o addlocal.o getfield.o gb_info.o gf_getfld.o gf_free.o gf_unpack1.o gf_unpack2.o gf_unpack3.o gf_unpack4.o gf_unpack5.o gf_unpack6.o gf_unpack7.o gettemplates.o getlocal.o getdim.o getpoly.o gribcreate.o gribend.o gribinfo.o mkieee.o rdieee.o simunpack.o reduce.o comunpack.o specunpack.o jpcunpack.o dec_jpeg2000.o pngunpack.o dec_png.o gbytesc.o skgb.o ixgb2.o getidx.o getg2i.o getg2ir.o getgb2s.o getgb2r.o getgb2l.o getgb2.o getgb2p.o getgb2rp.o putgb2.o g2grids.o gdt2gds.o params.o params_ecmwf.o mova2i.o
#10 9.484 ar: `u' modifier ignored since `D' is the default (see `U')
#10 9.484 ar: creating libg2_4.a
#10 9.495 ranlib  libg2_4.a
#10 9.505 make[2]: Leaving directory '/wrf/WPS/ungrib/src/ngl/g2'
#10 9.516 ln -sf g2/libg2_4.a .
#10 9.517 make[1]: Leaving directory '/wrf/WPS/ungrib/src/ngl'
#10 9.517 ( cd src ; \
#10 9.517         if [ "" = yes ] ; then \
#10 9.517           WRF_DIR2=/wrf/WRF ; \
#10 9.517         else \
#10 9.517           WRF_DIR2=/wrf/WRF ; \
#10 9.517         fi ; \
#10 9.517 make -i -r ungrib.exe \
#10 9.517 	WRF_DIR="$WRF_DIR2" \
#10 9.517 	FC="gfortran" \
#10 9.517 	CC="gcc" \
#10 9.517 	CPP="/usr/bin/cpp -P -traditional" \
#10 9.517 	FFLAGS="-ffree-form -O -fconvert=big-endian -frecord-marker=4" \
#10 9.517 	CFLAGS="" \
#10 9.517 	LDFLAGS="" \
#10 9.517 	CPPFLAGS="-D_UNDERSCORE -DBYTESWAP -DLINUX -DIO_NETCDF -DBIT32 -DNO_SIGNAL  -D_UNGRIB" )
#10 9.519 make[1]: Entering directory '/wrf/WPS/ungrib/src'
#10 9.519 Makefile:90: warning: overriding recipe for target '.F.o'
#10 9.519 ../../configure.wps:107: warning: ignoring old recipe for target '.F.o'
#10 9.519 Makefile:95: warning: overriding recipe for target '.c.o'
#10 9.519 ../../configure.wps:99: warning: ignoring old recipe for target '.c.o'
#10 9.519 /usr/bin/cpp -P -traditional -D_UNDERSCORE -DBYTESWAP -DLINUX -DIO_NETCDF -DBIT32 -DNO_SIGNAL  -D_UNGRIB -DUSE_JPEG2000 -DUSE_PNG misc_definitions_module.F > misc_definitions_module.f90
#10 9.526 gfortran -c -ffree-form -O -fconvert=big-endian -frecord-marker=4 -fallow-argument-mismatch misc_definitions_module.f90
#10 9.537 /bin/rm -f debug_cio.o
#10 9.538 gcc -D_UNDERSCORE -DBYTESWAP -DLINUX -DIO_NETCDF -DBIT32 -DNO_SIGNAL  -D_UNGRIB  -c debug_cio.c
#10 9.560 /usr/bin/cpp -P -traditional -D_UNDERSCORE -DBYTESWAP -DLINUX -DIO_NETCDF -DBIT32 -DNO_SIGNAL  -D_UNGRIB -DUSE_JPEG2000 -DUSE_PNG module_debug.F > module_debug.f90
#10 9.568 gfortran -c -ffree-form -O -fconvert=big-endian -frecord-marker=4 -fallow-argument-mismatch module_debug.f90
#10 9.655 /usr/bin/cpp -P -traditional -D_UNDERSCORE -DBYTESWAP -DLINUX -DIO_NETCDF -DBIT32 -DNO_SIGNAL  -D_UNGRIB -DUSE_JPEG2000 -DUSE_PNG module_stringutil.F > module_stringutil.f90
#10 9.663 gfortran -c -ffree-form -O -fconvert=big-endian -frecord-marker=4 -fallow-argument-mismatch module_stringutil.f90
#10 9.690 /usr/bin/cpp -P -traditional -D_UNDERSCORE -DBYTESWAP -DLINUX -DIO_NETCDF -DBIT32 -DNO_SIGNAL  -D_UNGRIB -DUSE_JPEG2000 -DUSE_PNG table.F > table.f90
#10 9.698 gfortran -c -ffree-form -O -fconvert=big-endian -frecord-marker=4 -fallow-argument-mismatch table.f90
#10 9.709 /usr/bin/cpp -P -traditional -D_UNDERSCORE -DBYTESWAP -DLINUX -DIO_NETCDF -DBIT32 -DNO_SIGNAL  -D_UNGRIB -DUSE_JPEG2000 -DUSE_PNG module_datarray.F > module_datarray.f90
#10 9.716 gfortran -c -ffree-form -O -fconvert=big-endian -frecord-marker=4 -fallow-argument-mismatch module_datarray.f90
#10 9.726 /usr/bin/cpp -P -traditional -D_UNDERSCORE -DBYTESWAP -DLINUX -DIO_NETCDF -DBIT32 -DNO_SIGNAL  -D_UNGRIB -DUSE_JPEG2000 -DUSE_PNG gridinfo.F > gridinfo.f90
#10 9.733 gfortran -c -ffree-form -O -fconvert=big-endian -frecord-marker=4 -fallow-argument-mismatch gridinfo.f90
#10 9.748 /usr/bin/cpp -P -traditional -D_UNDERSCORE -DBYTESWAP -DLINUX -DIO_NETCDF -DBIT32 -DNO_SIGNAL  -D_UNGRIB -DUSE_JPEG2000 -DUSE_PNG new_storage.F > new_storage.f90
#10 9.755 gfortran -c -ffree-form -O -fconvert=big-endian -frecord-marker=4 -fallow-argument-mismatch new_storage.f90
#10 9.865 /usr/bin/cpp -P -traditional -D_UNDERSCORE -DBYTESWAP -DLINUX -DIO_NETCDF -DBIT32 -DNO_SIGNAL  -D_UNGRIB -DUSE_JPEG2000 -DUSE_PNG filelist.F > filelist.f90
#10 9.872 gfortran -c -ffree-form -O -fconvert=big-endian -frecord-marker=4 -fallow-argument-mismatch filelist.f90
#10 9.888 /usr/bin/cpp -P -traditional -D_UNDERSCORE -DBYTESWAP -DLINUX -DIO_NETCDF -DBIT32 -DNO_SIGNAL  -D_UNGRIB -DUSE_JPEG2000 -DUSE_PNG ungrib.F > ungrib.f90
#10 9.895 gfortran -c -ffree-form -O -fconvert=big-endian -frecord-marker=4 -fallow-argument-mismatch ungrib.f90
#10 9.956 /usr/bin/cpp -P -traditional -D_UNDERSCORE -DBYTESWAP -DLINUX -DIO_NETCDF -DBIT32 -DNO_SIGNAL  -D_UNGRIB -DUSE_JPEG2000 -DUSE_PNG output.F > output.f90
#10 9.964 gfortran -c -ffree-form -O -fconvert=big-endian -frecord-marker=4 -fallow-argument-mismatch output.f90
#10 10.09 /usr/bin/cpp -P -traditional -D_UNDERSCORE -DBYTESWAP -DLINUX -DIO_NETCDF -DBIT32 -DNO_SIGNAL  -D_UNGRIB -DUSE_JPEG2000 -DUSE_PNG rrpr.F > rrpr.f90
#10 10.10 gfortran -c -ffree-form -O -fconvert=big-endian -frecord-marker=4 -fallow-argument-mismatch rrpr.f90
#10 10.75 /usr/bin/cpp -P -traditional -D_UNDERSCORE -DBYTESWAP -DLINUX -DIO_NETCDF -DBIT32 -DNO_SIGNAL  -D_UNGRIB -DUSE_JPEG2000 -DUSE_PNG rd_grib1.F > rd_grib1.f90
#10 10.76 gfortran -c -ffree-form -O -fconvert=big-endian -frecord-marker=4 -fallow-argument-mismatch rd_grib1.f90
#10 10.86 /usr/bin/cpp -P -traditional -D_UNDERSCORE -DBYTESWAP -DLINUX -DIO_NETCDF -DBIT32 -DNO_SIGNAL  -D_UNGRIB -DUSE_JPEG2000 -DUSE_PNG file_delete.F > file_delete.f90
#10 10.87 gfortran -c -ffree-form -O -fconvert=big-endian -frecord-marker=4 -fallow-argument-mismatch file_delete.f90
#10 10.90 /usr/bin/cpp -P -traditional -D_UNDERSCORE -DBYTESWAP -DLINUX -DIO_NETCDF -DBIT32 -DNO_SIGNAL  -D_UNGRIB -DUSE_JPEG2000 -DUSE_PNG datint.F > datint.f90
#10 10.90 gfortran -c -ffree-form -O -fconvert=big-endian -frecord-marker=4 -fallow-argument-mismatch datint.f90
#10 11.07 /usr/bin/cpp -P -traditional -D_UNDERSCORE -DBYTESWAP -DLINUX -DIO_NETCDF -DBIT32 -DNO_SIGNAL  -D_UNGRIB rd_grib2.F > rd_grib2.f90
#10 11.08 gfortran -c -ffixed-form -O -fconvert=big-endian -frecord-marker=4  -fallow-argument-mismatch rd_grib2.f90 -I. -I./ngl/g2
#10 11.11 rd_grib2.f90:1032:26:
#10 11.11 
#10 11.11  1030 |          call gbyte(cgrib,discipline,iofst,8)     ! Discipline
#10 11.11       |                          2
#10 11.11  1031 |          iofst=iofst+8
#10 11.11  1032 |          call gbyte(cgrib,grib_edition,iofst,8)   ! GRIB edition number
#10 11.11       |                          1
#10 11.11 Warning: Type mismatch between actual argument at (1) and actual argument at (2) (INTEGER(4)/REAL(4)).
#10 11.31 /usr/bin/cpp -P -traditional -D_UNDERSCORE -DBYTESWAP -DLINUX -DIO_NETCDF -DBIT32 -DNO_SIGNAL  -D_UNGRIB -DUSE_JPEG2000 -DUSE_PNG build_hdate.F > build_hdate.f90
#10 11.31 gfortran -c -ffree-form -O -fconvert=big-endian -frecord-marker=4 -fallow-argument-mismatch build_hdate.f90
#10 11.33 /usr/bin/cpp -P -traditional -D_UNDERSCORE -DBYTESWAP -DLINUX -DIO_NETCDF -DBIT32 -DNO_SIGNAL  -D_UNGRIB -DUSE_JPEG2000 -DUSE_PNG geth_newdate.F > geth_newdate.f90
#10 11.34 gfortran -c -ffree-form -O -fconvert=big-endian -frecord-marker=4 -fallow-argument-mismatch geth_newdate.f90
#10 11.38 /usr/bin/cpp -P -traditional -D_UNDERSCORE -DBYTESWAP -DLINUX -DIO_NETCDF -DBIT32 -DNO_SIGNAL  -D_UNGRIB -DUSE_JPEG2000 -DUSE_PNG geth_idts.F > geth_idts.f90
#10 11.39 gfortran -c -ffree-form -O -fconvert=big-endian -frecord-marker=4 -fallow-argument-mismatch geth_idts.f90
#10 11.45 /usr/bin/cpp -P -traditional -D_UNDERSCORE -DBYTESWAP -DLINUX -DIO_NETCDF -DBIT32 -DNO_SIGNAL  -D_UNGRIB -DUSE_JPEG2000 -DUSE_PNG swap.F > swap.f90
#10 11.45 gfortran -c -ffree-form -O -fconvert=big-endian -frecord-marker=4 -fallow-argument-mismatch swap.f90
#10 11.47 /usr/bin/cpp -P -traditional -D_UNDERSCORE -DBYTESWAP -DLINUX -DIO_NETCDF -DBIT32 -DNO_SIGNAL  -D_UNGRIB -DUSE_JPEG2000 -DUSE_PNG parse_table.F > parse_table.f90
#10 11.48 gfortran -c -ffree-form -O -fconvert=big-endian -frecord-marker=4 -fallow-argument-mismatch parse_table.f90
#10 11.63 /usr/bin/cpp -P -traditional -D_UNDERSCORE -DBYTESWAP -DLINUX -DIO_NETCDF -DBIT32 -DNO_SIGNAL  -D_UNGRIB -DUSE_JPEG2000 -DUSE_PNG gbytesys.F > gbytesys.f90
#10 11.64 gfortran -c -ffree-form -O -fconvert=big-endian -frecord-marker=4 -fallow-argument-mismatch gbytesys.f90
#10 11.68 /usr/bin/cpp -P -traditional -D_UNDERSCORE -DBYTESWAP -DLINUX -DIO_NETCDF -DBIT32 -DNO_SIGNAL  -D_UNGRIB -DUSE_JPEG2000 -DUSE_PNG gribcode.F > gribcode.f90
#10 11.69 gfortran -c -ffree-form -O -fconvert=big-endian -frecord-marker=4 -fallow-argument-mismatch gribcode.f90
#10 11.72 gribcode.f90:1286:21:
#10 11.72 
#10 11.72  1276 |         call gbyte_g1(char(0)//char(0)//char(0)//char(0)//'7777', gsvns, 0, mwsize)
#10 11.72       |                      2
#10 11.72 ......
#10 11.72  1286 |        call gbyte_g1(grec, sec0(1), 32, 24)
#10 11.72       |                     1
#10 11.72 Warning: Type mismatch between actual argument at (1) and actual argument at (2) (INTEGER(4)/CHARACTER(*)).
#10 12.04 /usr/bin/cpp -P -traditional -D_UNDERSCORE -DBYTESWAP -DLINUX -DIO_NETCDF -DBIT32 -DNO_SIGNAL  -D_UNGRIB -DUSE_JPEG2000 -DUSE_PNG read_namelist.F > read_namelist.f90
#10 12.05 gfortran -c -ffree-form -O -fconvert=big-endian -frecord-marker=4 -fallow-argument-mismatch read_namelist.f90
#10 12.15 /bin/rm -f cio.o
#10 12.15 gcc -D_UNDERSCORE -DBYTESWAP -DLINUX -DIO_NETCDF -DBIT32 -DNO_SIGNAL  -D_UNGRIB  -c cio.c
#10 12.17 cio.c:24:16: warning: return type defaults to 'int' [-Wimplicit-int]
#10 12.17    24 | #define c_open c_open_
#10 12.17       |                ^~~~~~~
#10 12.17 cio.c:52:1: note: in expansion of macro 'c_open'
#10 12.17    52 | c_open(unit, nunit, name, mode, err, oflag)
#10 12.17       | ^~~~~~
#10 12.17 cio.c:27:17: warning: return type defaults to 'int' [-Wimplicit-int]
#10 12.17    27 | #define bn_seek bn_seek_
#10 12.17       |                 ^~~~~~~~
#10 12.17 cio.c:117:1: note: in expansion of macro 'bn_seek'
#10 12.17   117 | bn_seek(fd, bread, mode, iprint)
#10 12.17       | ^~~~~~~
#10 12.17 cio.c: In function 'bn_seek_':
#10 12.17 cio.c:148:31: warning: format '%d' expects argument of type 'int', but argument 2 has type 'off_t' {aka 'long int'} [-Wformat=]
#10 12.17   148 |        printf(" lseek return=%d, *mode=%d\n", i, *mode);
#10 12.17       |                              ~^               ~
#10 12.17       |                               |               |
#10 12.17       |                               int             off_t {aka long int}
#10 12.17       |                              %ld
#10 12.17 cio.c: At top level:
#10 12.17 cio.c:26:17: warning: return type defaults to 'int' [-Wimplicit-int]
#10 12.17    26 | #define bn_read bn_read_
#10 12.17       |                 ^~~~~~~~
#10 12.17 cio.c:155:1: note: in expansion of macro 'bn_read'
#10 12.17   155 | bn_read(fd, buf, nbuf, bread, ios, idiag)
#10 12.17       | ^~~~~~~
#10 12.17 cio.c:201:1: warning: return type defaults to 'int' [-Wimplicit-int]
#10 12.17   201 | bnwrit_(fd, buf, nbuf, bwritten, err, idiag)
#10 12.17       | ^~~~~~~
#10 12.17 cio.c:25:17: warning: return type defaults to 'int' [-Wimplicit-int]
#10 12.17    25 | #define c_close c_close_
#10 12.17       |                 ^~~~~~~~
#10 12.17 cio.c:235:1: note: in expansion of macro 'c_close'
#10 12.17   235 | c_close(nunit, iprint, err)
#10 12.17       | ^~~~~~~
#10 12.19 /bin/rm -f libpgu.a
#10 12.19 ar ru libpgu.a build_hdate.o geth_newdate.o geth_idts.o swap.o table.o module_stringutil.o parse_table.o gbytesys.o gribcode.o read_namelist.o cio.o
#10 12.19 ar: `u' modifier ignored since `D' is the default (see `U')
#10 12.19 ar: creating libpgu.a
#10 12.19 ranlib  libpgu.a
#10 12.19 /bin/rm -f ungrib.exe
#10 12.20 if [ -z  ] ; then \
#10 12.20 		  gfortran -o ungrib.exe  misc_definitions_module.o debug_cio.o module_debug.o module_stringutil.o table.o module_datarray.o gridinfo.o new_storage.o filelist.o ungrib.o output.o rrpr.o rd_grib1.o file_delete.o datint.o rd_grib2.o  \
#10 12.20 			-L./ngl -lw3 -lg2_4 \
#10 12.20 			-L/wrf/grib2/lib -ljasper -lpng -lz \
#10 12.20 			-L. -lpgu ; \
#10 12.20                         else \
#10 12.20 		  gfortran -o ungrib.exe  misc_definitions_module.o debug_cio.o module_debug.o module_stringutil.o table.o module_datarray.o gridinfo.o new_storage.o filelist.o ungrib.o output.o rrpr.o rd_grib1.o file_delete.o datint.o rd_grib2.o  \
#10 12.20 			./ngl/w3/libw3.a ./ngl/g2/libg2_4.a \
#10 12.20 			-L/wrf/grib2/lib -ljasper -lpng -lz \
#10 12.20 			libpgu.a ; \
#10 12.20                         fi
#10 12.22 /usr/bin/ld: /wrf/grib2/lib/libjasper.a(jas_stream.o): in function `jas_stream_tmpfile':
#10 12.22 /wrf/jasper-1.900.1/src/libjasper/base/jas_stream.c:368: warning: the use of `tmpnam' is dangerous, better use `mkstemp'
#10 12.25 make[1]: Leaving directory '/wrf/WPS/ungrib/src'
#10 12.25 if [ -h ungrib.exe ] ; then \
#10 12.25         /bin/rm -f ungrib.exe ; \
#10 12.25 fi ; \
#10 12.25 if [ -h ../ungrib.exe ] ; then \
#10 12.25 	/bin/rm -f ../ungrib.exe ; \
#10 12.25 fi ; \
#10 12.25 if [ -e src/ungrib.exe ] ; then \
#10 12.25 	ln -sf src/ungrib.exe . ; \
#10 12.25 fi
#10 12.26 ============================================================================================== 
#10 12.26  
#10 12.26 Version 4.5
#10 12.26  
#10 12.26 Linux buildkitsandbox 6.1.0-43-cloud-amd64 #1 SMP PREEMPT_DYNAMIC Debian 6.1.162-1 (2026-02-08) x86_64 x86_64 x86_64 GNU/Linux
#10 12.26  
#10 12.27 GNU Fortran (Ubuntu 11.4.0-1ubuntu1~22.04.3) 11.4.0
#10 12.27 Copyright (C) 2021 Free Software Foundation, Inc.
#10 12.27 This is free software; see the source for copying conditions.  There is NO
#10 12.27 warranty; not even for MERCHANTABILITY or FITNESS FOR A PARTICULAR PURPOSE.
#10 12.27 
#10 12.27  
#10 12.27 ============================================================================================== 
#10 12.27  
#10 12.27  
#10 12.27 **** Compiling metgrid ****
#10 12.27  
#10 12.27 make[1]: Entering directory '/wrf/WPS/metgrid/src'
#10 12.27 /bin/rm -f cio.o
#10 12.27 gcc -D_UNDERSCORE -DBYTESWAP -DLINUX -DIO_NETCDF -DBIT32 -DNO_SIGNAL  -D_METGRID  -c cio.c	
#10 12.29 /bin/rm -f misc_definitions_module.o misc_definitions_module.mod
#10 12.29 /usr/bin/cpp -P -traditional -D_UNDERSCORE -DBYTESWAP -DLINUX -DIO_NETCDF -DBIT32 -DNO_SIGNAL  -D_METGRID -DUSE_JPEG2000 -DUSE_PNG -I/wrf/WRF/external/io_netcdf -I/wrf/WRF/external/io_grib_share -I/wrf/WRF/external/io_grib1 -I/wrf/WRF/external/io_int -I/wrf/WRF/inc -I/usr/include misc_definitions_module.F > misc_definitions_module.f90
#10 12.30 gfortran -ffree-form -O -fconvert=big-endian -frecord-marker=4 -fallow-argument-mismatch -c misc_definitions_module.f90 -I/wrf/WRF/external/io_netcdf -I/wrf/WRF/external/io_grib_share -I/wrf/WRF/external/io_grib1 -I/wrf/WRF/external/io_int -I/wrf/WRF/inc -I/usr/include
#10 12.31 /bin/rm -f parallel_module.o parallel_module.mod
#10 12.31 /usr/bin/cpp -P -traditional -D_UNDERSCORE -DBYTESWAP -DLINUX -DIO_NETCDF -DBIT32 -DNO_SIGNAL  -D_METGRID -DUSE_JPEG2000 -DUSE_PNG -I/wrf/WRF/external/io_netcdf -I/wrf/WRF/external/io_grib_share -I/wrf/WRF/external/io_grib1 -I/wrf/WRF/external/io_int -I/wrf/WRF/inc -I/usr/include parallel_module.F > parallel_module.f90
#10 12.32 gfortran -ffree-form -O -fconvert=big-endian -frecord-marker=4 -fallow-argument-mismatch -c parallel_module.f90 -I/wrf/WRF/external/io_netcdf -I/wrf/WRF/external/io_grib_share -I/wrf/WRF/external/io_grib1 -I/wrf/WRF/external/io_int -I/wrf/WRF/inc -I/usr/include
#10 12.36 /bin/rm -f module_debug.o module_debug.mod
#10 12.36 /usr/bin/cpp -P -traditional -D_UNDERSCORE -DBYTESWAP -DLINUX -DIO_NETCDF -DBIT32 -DNO_SIGNAL  -D_METGRID -DUSE_JPEG2000 -DUSE_PNG -I/wrf/WRF/external/io_netcdf -I/wrf/WRF/external/io_grib_share -I/wrf/WRF/external/io_grib1 -I/wrf/WRF/external/io_int -I/wrf/WRF/inc -I/usr/include module_debug.F > module_debug.f90
#10 12.37 gfortran -ffree-form -O -fconvert=big-endian -frecord-marker=4 -fallow-argument-mismatch -c module_debug.f90 -I/wrf/WRF/external/io_netcdf -I/wrf/WRF/external/io_grib_share -I/wrf/WRF/external/io_grib1 -I/wrf/WRF/external/io_int -I/wrf/WRF/inc -I/usr/include
#10 12.46 /bin/rm -f gridinfo_module.o gridinfo_module.mod
#10 12.46 /usr/bin/cpp -P -traditional -D_UNDERSCORE -DBYTESWAP -DLINUX -DIO_NETCDF -DBIT32 -DNO_SIGNAL  -D_METGRID -DUSE_JPEG2000 -DUSE_PNG -I/wrf/WRF/external/io_netcdf -I/wrf/WRF/external/io_grib_share -I/wrf/WRF/external/io_grib1 -I/wrf/WRF/external/io_int -I/wrf/WRF/inc -I/usr/include gridinfo_module.F > gridinfo_module.f90
#10 12.47 gfortran -ffree-form -O -fconvert=big-endian -frecord-marker=4 -fallow-argument-mismatch -c gridinfo_module.f90 -I/wrf/WRF/external/io_netcdf -I/wrf/WRF/external/io_grib_share -I/wrf/WRF/external/io_grib1 -I/wrf/WRF/external/io_int -I/wrf/WRF/inc -I/usr/include
#10 12.59 /bin/rm -f wrf_debug.o wrf_debug.mod
#10 12.59 /usr/bin/cpp -P -traditional -D_UNDERSCORE -DBYTESWAP -DLINUX -DIO_NETCDF -DBIT32 -DNO_SIGNAL  -D_METGRID -DUSE_JPEG2000 -DUSE_PNG -I/wrf/WRF/external/io_netcdf -I/wrf/WRF/external/io_grib_share -I/wrf/WRF/external/io_grib1 -I/wrf/WRF/external/io_int -I/wrf/WRF/inc -I/usr/include wrf_debug.F > wrf_debug.f90
#10 12.60 gfortran -ffree-form -O -fconvert=big-endian -frecord-marker=4 -fallow-argument-mismatch -c wrf_debug.f90 -I/wrf/WRF/external/io_netcdf -I/wrf/WRF/external/io_grib_share -I/wrf/WRF/external/io_grib1 -I/wrf/WRF/external/io_int -I/wrf/WRF/inc -I/usr/include
#10 12.62 /bin/rm -f bitarray_module.o bitarray_module.mod
#10 12.62 /usr/bin/cpp -P -traditional -D_UNDERSCORE -DBYTESWAP -DLINUX -DIO_NETCDF -DBIT32 -DNO_SIGNAL  -D_METGRID -DUSE_JPEG2000 -DUSE_PNG -I/wrf/WRF/external/io_netcdf -I/wrf/WRF/external/io_grib_share -I/wrf/WRF/external/io_grib1 -I/wrf/WRF/external/io_int -I/wrf/WRF/inc -I/usr/include bitarray_module.F > bitarray_module.f90
#10 12.63 gfortran -ffree-form -O -fconvert=big-endian -frecord-marker=4 -fallow-argument-mismatch -c bitarray_module.f90 -I/wrf/WRF/external/io_netcdf -I/wrf/WRF/external/io_grib_share -I/wrf/WRF/external/io_grib1 -I/wrf/WRF/external/io_int -I/wrf/WRF/inc -I/usr/include
#10 12.68 /bin/rm -f constants_module.o constants_module.mod
#10 12.68 /usr/bin/cpp -P -traditional -D_UNDERSCORE -DBYTESWAP -DLINUX -DIO_NETCDF -DBIT32 -DNO_SIGNAL  -D_METGRID -DUSE_JPEG2000 -DUSE_PNG -I/wrf/WRF/external/io_netcdf -I/wrf/WRF/external/io_grib_share -I/wrf/WRF/external/io_grib1 -I/wrf/WRF/external/io_int -I/wrf/WRF/inc -I/usr/include constants_module.F > constants_module.f90
#10 12.69 gfortran -ffree-form -O -fconvert=big-endian -frecord-marker=4 -fallow-argument-mismatch -c constants_module.f90 -I/wrf/WRF/external/io_netcdf -I/wrf/WRF/external/io_grib_share -I/wrf/WRF/external/io_grib1 -I/wrf/WRF/external/io_int -I/wrf/WRF/inc -I/usr/include
#10 12.70 /bin/rm -f datatype_module.o datatype_module.mod
#10 12.70 /usr/bin/cpp -P -traditional -D_UNDERSCORE -DBYTESWAP -DLINUX -DIO_NETCDF -DBIT32 -DNO_SIGNAL  -D_METGRID -DUSE_JPEG2000 -DUSE_PNG -I/wrf/WRF/external/io_netcdf -I/wrf/WRF/external/io_grib_share -I/wrf/WRF/external/io_grib1 -I/wrf/WRF/external/io_int -I/wrf/WRF/inc -I/usr/include datatype_module.F > datatype_module.f90
#10 12.70 gfortran -ffree-form -O -fconvert=big-endian -frecord-marker=4 -fallow-argument-mismatch -c datatype_module.f90 -I/wrf/WRF/external/io_netcdf -I/wrf/WRF/external/io_grib_share -I/wrf/WRF/external/io_grib1 -I/wrf/WRF/external/io_int -I/wrf/WRF/inc -I/usr/include
#10 12.74 /bin/rm -f module_stringutil.o module_stringutil.mod
#10 12.74 /usr/bin/cpp -P -traditional -D_UNDERSCORE -DBYTESWAP -DLINUX -DIO_NETCDF -DBIT32 -DNO_SIGNAL  -D_METGRID -DUSE_JPEG2000 -DUSE_PNG -I/wrf/WRF/external/io_netcdf -I/wrf/WRF/external/io_grib_share -I/wrf/WRF/external/io_grib1 -I/wrf/WRF/external/io_int -I/wrf/WRF/inc -I/usr/include module_stringutil.F > module_stringutil.f90
#10 12.75 gfortran -ffree-form -O -fconvert=big-endian -frecord-marker=4 -fallow-argument-mismatch -c module_stringutil.f90 -I/wrf/WRF/external/io_netcdf -I/wrf/WRF/external/io_grib_share -I/wrf/WRF/external/io_grib1 -I/wrf/WRF/external/io_int -I/wrf/WRF/inc -I/usr/include
#10 12.78 /bin/rm -f list_module.o list_module.mod
#10 12.78 /usr/bin/cpp -P -traditional -D_UNDERSCORE -DBYTESWAP -DLINUX -DIO_NETCDF -DBIT32 -DNO_SIGNAL  -D_METGRID -DUSE_JPEG2000 -DUSE_PNG -I/wrf/WRF/external/io_netcdf -I/wrf/WRF/external/io_grib_share -I/wrf/WRF/external/io_grib1 -I/wrf/WRF/external/io_int -I/wrf/WRF/inc -I/usr/include list_module.F > list_module.f90
#10 12.79 gfortran -ffree-form -O -fconvert=big-endian -frecord-marker=4 -fallow-argument-mismatch -c list_module.f90 -I/wrf/WRF/external/io_netcdf -I/wrf/WRF/external/io_grib_share -I/wrf/WRF/external/io_grib1 -I/wrf/WRF/external/io_int -I/wrf/WRF/inc -I/usr/include
#10 12.83 /bin/rm -f interp_option_module.o interp_option_module.mod
#10 12.83 /usr/bin/cpp -P -traditional -D_UNDERSCORE -DBYTESWAP -DLINUX -DIO_NETCDF -DBIT32 -DNO_SIGNAL  -D_METGRID -DUSE_JPEG2000 -DUSE_PNG -I/wrf/WRF/external/io_netcdf -I/wrf/WRF/external/io_grib_share -I/wrf/WRF/external/io_grib1 -I/wrf/WRF/external/io_int -I/wrf/WRF/inc -I/usr/include interp_option_module.F > interp_option_module.f90
#10 12.84 gfortran -ffree-form -O -fconvert=big-endian -frecord-marker=4 -fallow-argument-mismatch -c interp_option_module.f90 -I/wrf/WRF/external/io_netcdf -I/wrf/WRF/external/io_grib_share -I/wrf/WRF/external/io_grib1 -I/wrf/WRF/external/io_int -I/wrf/WRF/inc -I/usr/include
#10 13.22 /bin/rm -f module_date_pack.o module_date_pack.mod
#10 13.23 /usr/bin/cpp -P -traditional -D_UNDERSCORE -DBYTESWAP -DLINUX -DIO_NETCDF -DBIT32 -DNO_SIGNAL  -D_METGRID -DUSE_JPEG2000 -DUSE_PNG -I/wrf/WRF/external/io_netcdf -I/wrf/WRF/external/io_grib_share -I/wrf/WRF/external/io_grib1 -I/wrf/WRF/external/io_int -I/wrf/WRF/inc -I/usr/include module_date_pack.F > module_date_pack.f90
#10 13.23 gfortran -ffree-form -O -fconvert=big-endian -frecord-marker=4 -fallow-argument-mismatch -c module_date_pack.f90 -I/wrf/WRF/external/io_netcdf -I/wrf/WRF/external/io_grib_share -I/wrf/WRF/external/io_grib1 -I/wrf/WRF/external/io_int -I/wrf/WRF/inc -I/usr/include
#10 13.33 /bin/rm -f queue_module.o queue_module.mod
#10 13.33 /usr/bin/cpp -P -traditional -D_UNDERSCORE -DBYTESWAP -DLINUX -DIO_NETCDF -DBIT32 -DNO_SIGNAL  -D_METGRID -DUSE_JPEG2000 -DUSE_PNG -I/wrf/WRF/external/io_netcdf -I/wrf/WRF/external/io_grib_share -I/wrf/WRF/external/io_grib1 -I/wrf/WRF/external/io_int -I/wrf/WRF/inc -I/usr/include queue_module.F > queue_module.f90
#10 13.34 gfortran -ffree-form -O -fconvert=big-endian -frecord-marker=4 -fallow-argument-mismatch -c queue_module.f90 -I/wrf/WRF/external/io_netcdf -I/wrf/WRF/external/io_grib_share -I/wrf/WRF/external/io_grib1 -I/wrf/WRF/external/io_int -I/wrf/WRF/inc -I/usr/include
#10 13.37 /bin/rm -f input_module.o input_module.mod
#10 13.37 /usr/bin/cpp -P -traditional -D_UNDERSCORE -DBYTESWAP -DLINUX -DIO_NETCDF -DBIT32 -DNO_SIGNAL  -D_METGRID -DUSE_JPEG2000 -DUSE_PNG -I/wrf/WRF/external/io_netcdf -I/wrf/WRF/external/io_grib_share -I/wrf/WRF/external/io_grib1 -I/wrf/WRF/external/io_int -I/wrf/WRF/inc -I/usr/include input_module.F > input_module.f90
#10 13.38 gfortran -ffree-form -O -fconvert=big-endian -frecord-marker=4 -fallow-argument-mismatch -c input_module.f90 -I/wrf/WRF/external/io_netcdf -I/wrf/WRF/external/io_grib_share -I/wrf/WRF/external/io_grib1 -I/wrf/WRF/external/io_int -I/wrf/WRF/inc -I/usr/include
#10 13.50 /bin/rm -f interp_module.o interp_module.mod
#10 13.50 /usr/bin/cpp -P -traditional -D_UNDERSCORE -DBYTESWAP -DLINUX -DIO_NETCDF -DBIT32 -DNO_SIGNAL  -D_METGRID -DUSE_JPEG2000 -DUSE_PNG -I/wrf/WRF/external/io_netcdf -I/wrf/WRF/external/io_grib_share -I/wrf/WRF/external/io_grib1 -I/wrf/WRF/external/io_int -I/wrf/WRF/inc -I/usr/include interp_module.F > interp_module.f90
#10 13.51 gfortran -ffree-form -O -fconvert=big-endian -frecord-marker=4 -fallow-argument-mismatch -c interp_module.f90 -I/wrf/WRF/external/io_netcdf -I/wrf/WRF/external/io_grib_share -I/wrf/WRF/external/io_grib1 -I/wrf/WRF/external/io_int -I/wrf/WRF/inc -I/usr/include
#10 13.87 /bin/rm -f module_map_utils.o module_map_utils.mod
#10 13.87 /usr/bin/cpp -P -traditional -D_UNDERSCORE -DBYTESWAP -DLINUX -DIO_NETCDF -DBIT32 -DNO_SIGNAL  -D_METGRID -DUSE_JPEG2000 -DUSE_PNG -I/wrf/WRF/external/io_netcdf -I/wrf/WRF/external/io_grib_share -I/wrf/WRF/external/io_grib1 -I/wrf/WRF/external/io_int -I/wrf/WRF/inc -I/usr/include module_map_utils.F > module_map_utils.f90
#10 13.88 gfortran -ffree-form -O -fconvert=big-endian -frecord-marker=4 -fallow-argument-mismatch -c module_map_utils.f90 -I/wrf/WRF/external/io_netcdf -I/wrf/WRF/external/io_grib_share -I/wrf/WRF/external/io_grib1 -I/wrf/WRF/external/io_int -I/wrf/WRF/inc -I/usr/include
#10 14.13 /bin/rm -f llxy_module.o llxy_module.mod
#10 14.13 /usr/bin/cpp -P -traditional -D_UNDERSCORE -DBYTESWAP -DLINUX -DIO_NETCDF -DBIT32 -DNO_SIGNAL  -D_METGRID -DUSE_JPEG2000 -DUSE_PNG -I/wrf/WRF/external/io_netcdf -I/wrf/WRF/external/io_grib_share -I/wrf/WRF/external/io_grib1 -I/wrf/WRF/external/io_int -I/wrf/WRF/inc -I/usr/include llxy_module.F > llxy_module.f90
#10 14.14 gfortran -ffree-form -O -fconvert=big-endian -frecord-marker=4 -fallow-argument-mismatch -c llxy_module.f90 -I/wrf/WRF/external/io_netcdf -I/wrf/WRF/external/io_grib_share -I/wrf/WRF/external/io_grib1 -I/wrf/WRF/external/io_int -I/wrf/WRF/inc -I/usr/include
#10 14.20 /bin/rm -f module_mergesort.o module_mergesort.mod
#10 14.20 /usr/bin/cpp -P -traditional -D_UNDERSCORE -DBYTESWAP -DLINUX -DIO_NETCDF -DBIT32 -DNO_SIGNAL  -D_METGRID -DUSE_JPEG2000 -DUSE_PNG -I/wrf/WRF/external/io_netcdf -I/wrf/WRF/external/io_grib_share -I/wrf/WRF/external/io_grib1 -I/wrf/WRF/external/io_int -I/wrf/WRF/inc -I/usr/include module_mergesort.F > module_mergesort.f90
#10 14.21 gfortran -ffree-form -O -fconvert=big-endian -frecord-marker=4 -fallow-argument-mismatch -c module_mergesort.f90 -I/wrf/WRF/external/io_netcdf -I/wrf/WRF/external/io_grib_share -I/wrf/WRF/external/io_grib1 -I/wrf/WRF/external/io_int -I/wrf/WRF/inc -I/usr/include
#10 14.23 /bin/rm -f minheap_module.o minheap_module.mod
#10 14.23 /usr/bin/cpp -P -traditional -D_UNDERSCORE -DBYTESWAP -DLINUX -DIO_NETCDF -DBIT32 -DNO_SIGNAL  -D_METGRID -DUSE_JPEG2000 -DUSE_PNG -I/wrf/WRF/external/io_netcdf -I/wrf/WRF/external/io_grib_share -I/wrf/WRF/external/io_grib1 -I/wrf/WRF/external/io_int -I/wrf/WRF/inc -I/usr/include minheap_module.F > minheap_module.f90
#10 14.24 gfortran -ffree-form -O -fconvert=big-endian -frecord-marker=4 -fallow-argument-mismatch -c minheap_module.f90 -I/wrf/WRF/external/io_netcdf -I/wrf/WRF/external/io_grib_share -I/wrf/WRF/external/io_grib1 -I/wrf/WRF/external/io_int -I/wrf/WRF/inc -I/usr/include
#10 14.28 /bin/rm -f storage_module.o storage_module.mod
#10 14.28 /usr/bin/cpp -P -traditional -D_UNDERSCORE -DBYTESWAP -DLINUX -DIO_NETCDF -DBIT32 -DNO_SIGNAL  -D_METGRID -DUSE_JPEG2000 -DUSE_PNG -I/wrf/WRF/external/io_netcdf -I/wrf/WRF/external/io_grib_share -I/wrf/WRF/external/io_grib1 -I/wrf/WRF/external/io_int -I/wrf/WRF/inc -I/usr/include storage_module.F > storage_module.f90
#10 14.29 gfortran -ffree-form -O -fconvert=big-endian -frecord-marker=4 -fallow-argument-mismatch -c storage_module.f90 -I/wrf/WRF/external/io_netcdf -I/wrf/WRF/external/io_grib_share -I/wrf/WRF/external/io_grib1 -I/wrf/WRF/external/io_int -I/wrf/WRF/inc -I/usr/include
#10 14.50 /bin/rm -f output_module.o output_module.mod
#10 14.50 /usr/bin/cpp -P -traditional -D_UNDERSCORE -DBYTESWAP -DLINUX -DIO_NETCDF -DBIT32 -DNO_SIGNAL  -D_METGRID -DUSE_JPEG2000 -DUSE_PNG -I/wrf/WRF/external/io_netcdf -I/wrf/WRF/external/io_grib_share -I/wrf/WRF/external/io_grib1 -I/wrf/WRF/external/io_int -I/wrf/WRF/inc -I/usr/include output_module.F > output_module.f90
#10 14.51 gfortran -ffree-form -O -fconvert=big-endian -frecord-marker=4 -fallow-argument-mismatch -c output_module.f90 -I/wrf/WRF/external/io_netcdf -I/wrf/WRF/external/io_grib_share -I/wrf/WRF/external/io_grib1 -I/wrf/WRF/external/io_int -I/wrf/WRF/inc -I/usr/include
#10 14.72 /bin/rm -f met_data_module.o met_data_module.mod
#10 14.72 /usr/bin/cpp -P -traditional -D_UNDERSCORE -DBYTESWAP -DLINUX -DIO_NETCDF -DBIT32 -DNO_SIGNAL  -D_METGRID -DUSE_JPEG2000 -DUSE_PNG -I/wrf/WRF/external/io_netcdf -I/wrf/WRF/external/io_grib_share -I/wrf/WRF/external/io_grib1 -I/wrf/WRF/external/io_int -I/wrf/WRF/inc -I/usr/include met_data_module.F > met_data_module.f90
#10 14.73 gfortran -ffree-form -O -fconvert=big-endian -frecord-marker=4 -fallow-argument-mismatch -c met_data_module.f90 -I/wrf/WRF/external/io_netcdf -I/wrf/WRF/external/io_grib_share -I/wrf/WRF/external/io_grib1 -I/wrf/WRF/external/io_int -I/wrf/WRF/inc -I/usr/include
#10 14.74 /bin/rm -f read_met_module.o read_met_module.mod
#10 14.74 /usr/bin/cpp -P -traditional -D_UNDERSCORE -DBYTESWAP -DLINUX -DIO_NETCDF -DBIT32 -DNO_SIGNAL  -D_METGRID -DUSE_JPEG2000 -DUSE_PNG -I/wrf/WRF/external/io_netcdf -I/wrf/WRF/external/io_grib_share -I/wrf/WRF/external/io_grib1 -I/wrf/WRF/external/io_int -I/wrf/WRF/inc -I/usr/include read_met_module.F > read_met_module.f90
#10 14.75 gfortran -ffree-form -O -fconvert=big-endian -frecord-marker=4 -fallow-argument-mismatch -c read_met_module.f90 -I/wrf/WRF/external/io_netcdf -I/wrf/WRF/external/io_grib_share -I/wrf/WRF/external/io_grib1 -I/wrf/WRF/external/io_int -I/wrf/WRF/inc -I/usr/include
#10 14.84 /bin/rm -f rotate_winds_module.o rotate_winds_module.mod
#10 14.84 /usr/bin/cpp -P -traditional -D_UNDERSCORE -DBYTESWAP -DLINUX -DIO_NETCDF -DBIT32 -DNO_SIGNAL  -D_METGRID -DUSE_JPEG2000 -DUSE_PNG -I/wrf/WRF/external/io_netcdf -I/wrf/WRF/external/io_grib_share -I/wrf/WRF/external/io_grib1 -I/wrf/WRF/external/io_int -I/wrf/WRF/inc -I/usr/include rotate_winds_module.F > rotate_winds_module.f90
#10 14.85 gfortran -ffree-form -O -fconvert=big-endian -frecord-marker=4 -fallow-argument-mismatch -c rotate_winds_module.f90 -I/wrf/WRF/external/io_netcdf -I/wrf/WRF/external/io_grib_share -I/wrf/WRF/external/io_grib1 -I/wrf/WRF/external/io_int -I/wrf/WRF/inc -I/usr/include
#10 15.11 /bin/rm -f scan_input.o scan_input.mod
#10 15.11 /usr/bin/cpp -P -traditional -D_UNDERSCORE -DBYTESWAP -DLINUX -DIO_NETCDF -DBIT32 -DNO_SIGNAL  -D_METGRID -DUSE_JPEG2000 -DUSE_PNG -I/wrf/WRF/external/io_netcdf -I/wrf/WRF/external/io_grib_share -I/wrf/WRF/external/io_grib1 -I/wrf/WRF/external/io_int -I/wrf/WRF/inc -I/usr/include scan_input.F > scan_input.f90
#10 15.12 gfortran -ffree-form -O -fconvert=big-endian -frecord-marker=4 -fallow-argument-mismatch -c scan_input.f90 -I/wrf/WRF/external/io_netcdf -I/wrf/WRF/external/io_grib_share -I/wrf/WRF/external/io_grib1 -I/wrf/WRF/external/io_int -I/wrf/WRF/inc -I/usr/include
#10 15.33 /bin/rm -f mpas_mesh.o mpas_mesh.mod
#10 15.33 /usr/bin/cpp -P -traditional -D_UNDERSCORE -DBYTESWAP -DLINUX -DIO_NETCDF -DBIT32 -DNO_SIGNAL  -D_METGRID -DUSE_JPEG2000 -DUSE_PNG -I/wrf/WRF/external/io_netcdf -I/wrf/WRF/external/io_grib_share -I/wrf/WRF/external/io_grib1 -I/wrf/WRF/external/io_int -I/wrf/WRF/inc -I/usr/include mpas_mesh.F > mpas_mesh.f90
#10 15.34 gfortran -ffree-form -O -fconvert=big-endian -frecord-marker=4 -fallow-argument-mismatch -c mpas_mesh.f90 -I/wrf/WRF/external/io_netcdf -I/wrf/WRF/external/io_grib_share -I/wrf/WRF/external/io_grib1 -I/wrf/WRF/external/io_int -I/wrf/WRF/inc -I/usr/include
#10 15.46 /bin/rm -f target_mesh.o target_mesh.mod
#10 15.46 /usr/bin/cpp -P -traditional -D_UNDERSCORE -DBYTESWAP -DLINUX -DIO_NETCDF -DBIT32 -DNO_SIGNAL  -D_METGRID -DUSE_JPEG2000 -DUSE_PNG -I/wrf/WRF/external/io_netcdf -I/wrf/WRF/external/io_grib_share -I/wrf/WRF/external/io_grib1 -I/wrf/WRF/external/io_int -I/wrf/WRF/inc -I/usr/include target_mesh.F > target_mesh.f90
#10 15.47 gfortran -ffree-form -O -fconvert=big-endian -frecord-marker=4 -fallow-argument-mismatch -c target_mesh.f90 -I/wrf/WRF/external/io_netcdf -I/wrf/WRF/external/io_grib_share -I/wrf/WRF/external/io_grib1 -I/wrf/WRF/external/io_int -I/wrf/WRF/inc -I/usr/include
#10 15.53 /bin/rm -f remapper.o remapper.mod
#10 15.53 /usr/bin/cpp -P -traditional -D_UNDERSCORE -DBYTESWAP -DLINUX -DIO_NETCDF -DBIT32 -DNO_SIGNAL  -D_METGRID -DUSE_JPEG2000 -DUSE_PNG -I/wrf/WRF/external/io_netcdf -I/wrf/WRF/external/io_grib_share -I/wrf/WRF/external/io_grib1 -I/wrf/WRF/external/io_int -I/wrf/WRF/inc -I/usr/include remapper.F > remapper.f90
#10 15.54 gfortran -ffree-form -O -fconvert=big-endian -frecord-marker=4 -fallow-argument-mismatch -c remapper.f90 -I/wrf/WRF/external/io_netcdf -I/wrf/WRF/external/io_grib_share -I/wrf/WRF/external/io_grib1 -I/wrf/WRF/external/io_int -I/wrf/WRF/inc -I/usr/include
#10 16.32 /bin/rm -f process_domain_module.o process_domain_module.mod
#10 16.32 /usr/bin/cpp -P -traditional -D_UNDERSCORE -DBYTESWAP -DLINUX -DIO_NETCDF -DBIT32 -DNO_SIGNAL  -D_METGRID -DUSE_JPEG2000 -DUSE_PNG -I/wrf/WRF/external/io_netcdf -I/wrf/WRF/external/io_grib_share -I/wrf/WRF/external/io_grib1 -I/wrf/WRF/external/io_int -I/wrf/WRF/inc -I/usr/include process_domain_module.F > process_domain_module.f90
#10 16.33 gfortran -ffree-form -O -fconvert=big-endian -frecord-marker=4 -fallow-argument-mismatch -c process_domain_module.f90 -I/wrf/WRF/external/io_netcdf -I/wrf/WRF/external/io_grib_share -I/wrf/WRF/external/io_grib1 -I/wrf/WRF/external/io_int -I/wrf/WRF/inc -I/usr/include
#10 17.94 /bin/rm -f metgrid.o metgrid.mod
#10 17.94 /usr/bin/cpp -P -traditional -D_UNDERSCORE -DBYTESWAP -DLINUX -DIO_NETCDF -DBIT32 -DNO_SIGNAL  -D_METGRID -DUSE_JPEG2000 -DUSE_PNG -I/wrf/WRF/external/io_netcdf -I/wrf/WRF/external/io_grib_share -I/wrf/WRF/external/io_grib1 -I/wrf/WRF/external/io_int -I/wrf/WRF/inc -I/usr/include metgrid.F > metgrid.f90
#10 17.95 gfortran -ffree-form -O -fconvert=big-endian -frecord-marker=4 -fallow-argument-mismatch -c metgrid.f90 -I/wrf/WRF/external/io_netcdf -I/wrf/WRF/external/io_grib_share -I/wrf/WRF/external/io_grib1 -I/wrf/WRF/external/io_int -I/wrf/WRF/inc -I/usr/include
#10 18.00 /bin/rm -f write_met_module.o write_met_module.mod
#10 18.00 /usr/bin/cpp -P -traditional -D_UNDERSCORE -DBYTESWAP -DLINUX -DIO_NETCDF -DBIT32 -DNO_SIGNAL  -D_METGRID -DUSE_JPEG2000 -DUSE_PNG -I/wrf/WRF/external/io_netcdf -I/wrf/WRF/external/io_grib_share -I/wrf/WRF/external/io_grib1 -I/wrf/WRF/external/io_int -I/wrf/WRF/inc -I/usr/include write_met_module.F > write_met_module.f90
#10 18.01 gfortran -ffree-form -O -fconvert=big-endian -frecord-marker=4 -fallow-argument-mismatch -c write_met_module.f90 -I/wrf/WRF/external/io_netcdf -I/wrf/WRF/external/io_grib_share -I/wrf/WRF/external/io_grib1 -I/wrf/WRF/external/io_int -I/wrf/WRF/inc -I/usr/include
#10 18.08 gfortran  -o metgrid.exe cio.o wrf_debug.o bitarray_module.o constants_module.o datatype_module.o module_stringutil.o gridinfo_module.o metgrid.o input_module.o interp_module.o interp_option_module.o list_module.o llxy_module.o met_data_module.o minheap_module.o misc_definitions_module.o module_date_pack.o module_debug.o module_map_utils.o module_mergesort.o output_module.o parallel_module.o process_domain_module.o queue_module.o read_met_module.o rotate_winds_module.o storage_module.o write_met_module.o scan_input.o mpas_mesh.o target_mesh.o remapper.o \
#10 18.08                 /wrf/WRF/frame/module_driver_constants.o \
#10 18.08 	/wrf/WRF/frame/pack_utils.o /wrf/WRF/frame/module_machine.o \
#10 18.08 	/wrf/WRF/frame/module_internal_header_util.o \
#10 18.08                 -I/wrf/WRF/external/io_netcdf -I/wrf/WRF/external/io_grib_share -I/wrf/WRF/external/io_grib1 -I/wrf/WRF/external/io_int -I/wrf/WRF/inc -I/usr/include \
#10 18.08                 -L/wrf/WRF/external/io_grib1 -lio_grib1 -L/wrf/WRF/external/io_grib_share -lio_grib_share -L/wrf/WRF/external/io_int -lwrfio_int -L/wrf/WRF/external/io_netcdf -lwrfio_nf -L/usr/lib  -lnetcdff -lnetcdf -lgomp \
#10 18.08                 
#10 18.19 make[1]: Leaving directory '/wrf/WPS/metgrid/src'
#10 18.19 --- Contents of /wrf/WPS/ after compile ---
#10 18.19 total 124
#10 18.19 drwxr-xr-x 1 root root  4096 Mar 14 01:43 .
#10 18.19 drwxr-xr-x 1 1001 1004  4096 Mar 14 01:43 ..
#10 18.19 drwxr-xr-x 8 root root  4096 Mar 14 01:43 .git
#10 18.19 -rw-r--r-- 1 root root   162 Mar 14 01:43 .gitignore
#10 18.19 -rw-r--r-- 1 root root  6232 Mar 14 01:43 README
#10 18.19 drwxr-xr-x 2 root root  4096 Mar 14 01:43 arch
#10 18.19 -rwxr-xr-x 1 root root  1765 Mar 14 01:43 clean
#10 18.19 -rwxr-xr-x 1 root root  4795 Mar 14 01:43 compile
#10 18.19 -rwxr-xr-x 1 root root 16613 Mar 14 01:43 configure
#10 18.19 -rw-r--r-- 1 root root  3407 Mar 14 01:43 configure.wps
#10 18.19 drwxr-xr-x 5 root root  4096 Mar 14 01:43 external
#10 18.19 drwxr-xr-x 1 root root  4096 Mar 14 01:43 geogrid
#10 18.19 lrwxrwxrwx 1 root root    23 Mar 14 01:43 geogrid.exe -> geogrid/src/geogrid.exe
#10 18.19 -rwxr-xr-x 1 root root  1331 Mar 14 01:43 link_grib.csh
#10 18.19 drwxr-xr-x 1 root root  4096 Mar 14 01:43 metgrid
#10 18.19 lrwxrwxrwx 1 root root    23 Mar 14 01:43 metgrid.exe -> metgrid/src/metgrid.exe
#10 18.19 -rw-r--r-- 1 root root   705 Mar 14 01:43 namelist.wps
#10 18.19 -rw-r--r-- 1 root root  2749 Mar 14 01:43 namelist.wps.all_options
#10 18.19 -rwxr-xr-x 1 root root  2077 Mar 14 01:43 namelist.wps.fire
#10 18.19 -rw-r--r-- 1 root root  1637 Mar 14 01:43 namelist.wps.global
#10 18.19 drwxr-xr-x 1 root root  4096 Mar 14 01:43 ungrib
#10 18.19 lrwxrwxrwx 1 root root    21 Mar 14 01:43 ungrib.exe -> ungrib/src/ungrib.exe
#10 18.19 drwxr-xr-x 3 root root  4096 Mar 14 01:43 util
#10 18.19 --- Validating WPS executables ---
#10 18.19 lrwxrwxrwx 1 root root 23 Mar 14 01:43 /wrf/WPS/geogrid.exe -> geogrid/src/geogrid.exe
#10 18.19 lrwxrwxrwx 1 root root 21 Mar 14 01:43 /wrf/WPS/ungrib.exe -> ungrib/src/ungrib.exe
#10 18.19 lrwxrwxrwx 1 root root 23 Mar 14 01:43 /wrf/WPS/metgrid.exe -> metgrid/src/metgrid.exe
#10 18.19 --- WPS compilation successful ---
#10 DONE 18.2s

#11 exporting to image
#11 exporting layers
#11 exporting layers 2.0s done
#11 exporting manifest sha256:e4eff2e0b58f83fb6f30006d305b34c1f32b7acdb59b1b763d5325257b576a8d done
#11 exporting config sha256:8a91afad08add2febe26e974ef23261ab914fafe2bb6f87a22c90e45bfae3976 done
#11 exporting attestation manifest sha256:6aadebc5b72d36bea501e1843e464122e548047a8e2c4ec7b50736f326b4e98f 0.0s done
#11 exporting manifest list sha256:775bc46d97d5db635aec41ad8e247bf5e7da2f00e56c6009b4e8e2f447b0e812 done
#11 naming to docker.io/library/wps-compiled:latest done
#11 unpacking to docker.io/library/wps-compiled:latest
#11 unpacking to docker.io/library/wps-compiled:latest 0.7s done
#11 DONE 2.8s
